2025-06-03 15:40:48,752 - INFO - Model: LSKHorNet
2025-06-03 15:40:48,752 - INFO - Batch Size: 64
2025-06-03 15:40:48,752 - INFO - Device: cuda
2025-06-03 15:40:50,604 - INFO - Starting training...
2025-06-03 15:50:26,108 - INFO - Epoch 1/30, Train Loss: 3.3991, Train Top-1 Acc: 18.08%, Train Top-5 Acc: 44.45%, Valid Loss: 2.5865, Valid Top-1 Acc: 32.30%, Valid Top-5 Acc: 65.17%, Time: 575.50s
2025-06-03 15:59:59,512 - INFO - Epoch 2/30, Train Loss: 2.3147, Train Top-1 Acc: 38.76%, Train Top-5 Acc: 71.49%, Valid Loss: 2.0609, Valid Top-1 Acc: 43.64%, Valid Top-5 Acc: 76.42%, Time: 573.40s
2025-06-03 16:06:38,492 - INFO - Epoch 3/30, Train Loss: 1.7415, Train Top-1 Acc: 51.67%, Train Top-5 Acc: 82.42%, Valid Loss: 1.7864, Valid Top-1 Acc: 50.96%, Valid Top-5 Acc: 81.01%, Time: 398.98s
2025-06-03 16:10:25,590 - INFO - Epoch 4/30, Train Loss: 1.2607, Train Top-1 Acc: 63.42%, Train Top-5 Acc: 89.95%, Valid Loss: 1.7362, Valid Top-1 Acc: 53.64%, Valid Top-5 Acc: 82.64%, Time: 227.10s
2025-06-03 16:14:15,032 - INFO - Epoch 5/30, Train Loss: 0.8547, Train Top-1 Acc: 74.08%, Train Top-5 Acc: 95.08%, Valid Loss: 1.8141, Valid Top-1 Acc: 54.49%, Valid Top-5 Acc: 83.09%, Time: 229.44s
2025-06-03 16:18:08,375 - INFO - Epoch 6/30, Train Loss: 0.5656, Train Top-1 Acc: 82.32%, Train Top-5 Acc: 97.78%, Valid Loss: 2.0293, Valid Top-1 Acc: 54.15%, Valid Top-5 Acc: 82.23%, Time: 233.34s
2025-06-03 16:21:52,135 - INFO - Epoch 7/30, Train Loss: 0.3994, Train Top-1 Acc: 87.19%, Train Top-5 Acc: 98.89%, Valid Loss: 2.2077, Valid Top-1 Acc: 54.78%, Valid Top-5 Acc: 81.90%, Time: 223.76s
2025-06-03 16:25:35,474 - INFO - Epoch 8/30, Train Loss: 0.3251, Train Top-1 Acc: 89.66%, Train Top-5 Acc: 99.24%, Valid Loss: 2.3563, Valid Top-1 Acc: 54.40%, Valid Top-5 Acc: 81.93%, Time: 223.34s
2025-06-03 16:29:23,201 - INFO - Epoch 9/30, Train Loss: 0.2760, Train Top-1 Acc: 91.28%, Train Top-5 Acc: 99.37%, Valid Loss: 2.4383, Valid Top-1 Acc: 54.13%, Valid Top-5 Acc: 81.99%, Time: 227.73s
2025-06-03 16:33:07,030 - INFO - Epoch 10/30, Train Loss: 0.2506, Train Top-1 Acc: 92.00%, Train Top-5 Acc: 99.46%, Valid Loss: 2.4870, Valid Top-1 Acc: 54.49%, Valid Top-5 Acc: 81.79%, Time: 223.83s
2025-06-03 16:36:51,900 - INFO - Epoch 11/30, Train Loss: 0.2233, Train Top-1 Acc: 92.95%, Train Top-5 Acc: 99.56%, Valid Loss: 2.6045, Valid Top-1 Acc: 54.35%, Valid Top-5 Acc: 82.17%, Time: 224.87s
2025-06-03 16:40:37,131 - INFO - Epoch 12/30, Train Loss: 0.2099, Train Top-1 Acc: 93.33%, Train Top-5 Acc: 99.60%, Valid Loss: 2.7157, Valid Top-1 Acc: 54.07%, Valid Top-5 Acc: 81.28%, Time: 225.23s
2025-06-03 16:44:44,387 - INFO - Epoch 13/30, Train Loss: 0.1931, Train Top-1 Acc: 93.82%, Train Top-5 Acc: 99.65%, Valid Loss: 2.6782, Valid Top-1 Acc: 54.76%, Valid Top-5 Acc: 81.62%, Time: 247.26s
2025-06-03 16:48:35,894 - INFO - Epoch 14/30, Train Loss: 0.1760, Train Top-1 Acc: 94.50%, Train Top-5 Acc: 99.69%, Valid Loss: 2.7521, Valid Top-1 Acc: 54.69%, Valid Top-5 Acc: 81.81%, Time: 231.51s
2025-06-03 16:52:38,908 - INFO - Epoch 15/30, Train Loss: 0.1714, Train Top-1 Acc: 94.49%, Train Top-5 Acc: 99.68%, Valid Loss: 2.8596, Valid Top-1 Acc: 54.65%, Valid Top-5 Acc: 81.66%, Time: 243.01s
2025-06-03 16:56:43,594 - INFO - Epoch 16/30, Train Loss: 0.1591, Train Top-1 Acc: 94.90%, Train Top-5 Acc: 99.73%, Valid Loss: 2.8951, Valid Top-1 Acc: 54.71%, Valid Top-5 Acc: 81.57%, Time: 244.69s
2025-06-03 17:00:27,627 - INFO - Epoch 17/30, Train Loss: 0.1524, Train Top-1 Acc: 95.09%, Train Top-5 Acc: 99.72%, Valid Loss: 2.9095, Valid Top-1 Acc: 54.75%, Valid Top-5 Acc: 81.92%, Time: 224.03s
2025-06-03 17:04:11,840 - INFO - Epoch 18/30, Train Loss: 0.1466, Train Top-1 Acc: 95.37%, Train Top-5 Acc: 99.79%, Valid Loss: 2.9018, Valid Top-1 Acc: 54.60%, Valid Top-5 Acc: 81.37%, Time: 224.21s
2025-06-03 17:07:55,749 - INFO - Epoch 19/30, Train Loss: 0.1440, Train Top-1 Acc: 95.54%, Train Top-5 Acc: 99.77%, Valid Loss: 2.9350, Valid Top-1 Acc: 55.11%, Valid Top-5 Acc: 81.64%, Time: 223.91s
2025-06-03 17:11:38,843 - INFO - Epoch 20/30, Train Loss: 0.1323, Train Top-1 Acc: 95.83%, Train Top-5 Acc: 99.81%, Valid Loss: 2.9639, Valid Top-1 Acc: 55.37%, Valid Top-5 Acc: 81.83%, Time: 223.09s
2025-06-03 17:15:21,553 - INFO - Epoch 21/30, Train Loss: 0.1309, Train Top-1 Acc: 95.85%, Train Top-5 Acc: 99.83%, Valid Loss: 2.9996, Valid Top-1 Acc: 55.21%, Valid Top-5 Acc: 81.33%, Time: 222.71s
2025-06-03 17:19:05,046 - INFO - Epoch 22/30, Train Loss: 0.1252, Train Top-1 Acc: 96.04%, Train Top-5 Acc: 99.82%, Valid Loss: 3.0688, Valid Top-1 Acc: 54.85%, Valid Top-5 Acc: 81.65%, Time: 223.49s
2025-06-03 17:22:48,135 - INFO - Epoch 23/30, Train Loss: 0.1193, Train Top-1 Acc: 96.24%, Train Top-5 Acc: 99.83%, Valid Loss: 3.1484, Valid Top-1 Acc: 54.88%, Valid Top-5 Acc: 81.52%, Time: 223.09s
2025-06-03 17:26:29,426 - INFO - Epoch 24/30, Train Loss: 0.1214, Train Top-1 Acc: 96.24%, Train Top-5 Acc: 99.83%, Valid Loss: 3.1135, Valid Top-1 Acc: 55.35%, Valid Top-5 Acc: 81.40%, Time: 221.29s
2025-06-03 17:30:11,482 - INFO - Epoch 25/30, Train Loss: 0.1132, Train Top-1 Acc: 96.46%, Train Top-5 Acc: 99.87%, Valid Loss: 3.0852, Valid Top-1 Acc: 55.03%, Valid Top-5 Acc: 81.29%, Time: 222.06s
2025-06-03 17:33:54,961 - INFO - Epoch 26/30, Train Loss: 0.1101, Train Top-1 Acc: 96.47%, Train Top-5 Acc: 99.87%, Valid Loss: 3.1859, Valid Top-1 Acc: 54.65%, Valid Top-5 Acc: 81.06%, Time: 223.48s
2025-06-03 17:37:34,730 - INFO - Epoch 27/30, Train Loss: 0.1084, Train Top-1 Acc: 96.59%, Train Top-5 Acc: 99.85%, Valid Loss: 3.2268, Valid Top-1 Acc: 54.24%, Valid Top-5 Acc: 81.33%, Time: 219.77s
2025-06-03 17:41:18,968 - INFO - Epoch 28/30, Train Loss: 0.1038, Train Top-1 Acc: 96.81%, Train Top-5 Acc: 99.86%, Valid Loss: 3.2039, Valid Top-1 Acc: 55.50%, Valid Top-5 Acc: 81.39%, Time: 224.24s
2025-06-03 17:44:58,715 - INFO - Epoch 29/30, Train Loss: 0.1010, Train Top-1 Acc: 96.80%, Train Top-5 Acc: 99.88%, Valid Loss: 3.2455, Valid Top-1 Acc: 54.83%, Valid Top-5 Acc: 81.20%, Time: 219.75s
2025-06-03 17:48:40,279 - INFO - Epoch 30/30, Train Loss: 0.1009, Train Top-1 Acc: 96.81%, Train Top-5 Acc: 99.90%, Valid Loss: 3.2250, Valid Top-1 Acc: 54.32%, Valid Top-5 Acc: 81.32%, Time: 221.56s
2025-06-03 17:48:40,279 - INFO - Training Finished
2025-06-03 17:48:44,123 - INFO - Final Test Results:
2025-06-03 17:48:44,123 - INFO - Test Loss: 3.2250
2025-06-03 17:48:44,123 - INFO - Top-1 Accuracy: 54.32%
2025-06-03 17:48:44,123 - INFO - Top-5 Accuracy: 81.32%
2025-06-03 17:48:44,209 - INFO - Model Saved
