2025-06-03 23:04:47,460 - INFO - Model: convnext_tiny_gmlp
2025-06-03 23:04:47,460 - INFO - Batch Size: 64
2025-06-03 23:04:47,460 - INFO - Device: cuda
2025-06-03 23:04:47,460 - INFO - Using pretrained: False
2025-06-03 23:04:47,460 - INFO - Input Size: 32x32
2025-06-03 23:04:49,863 - INFO - Starting training...
2025-06-03 23:05:47,531 - INFO - Epoch 1/50, Train Loss: 3.1050, Train Top-1 Acc: 17.70%, Train Top-5 Acc: 47.37%, Valid Loss: 2.7751, Valid Top-1 Acc: 21.97%, Valid Top-5 Acc: 56.27%, Time: 57.67s
2025-06-03 23:06:44,243 - INFO - Epoch 2/50, Train Loss: 2.7244, Train Top-1 Acc: 23.10%, Train Top-5 Acc: 56.33%, Valid Loss: 2.6851, Valid Top-1 Acc: 23.47%, Valid Top-5 Acc: 57.87%, Time: 56.71s
2025-06-03 23:07:41,035 - INFO - Epoch 3/50, Train Loss: 2.6481, Train Top-1 Acc: 24.91%, Train Top-5 Acc: 58.57%, Valid Loss: 2.6117, Valid Top-1 Acc: 25.43%, Valid Top-5 Acc: 60.33%, Time: 56.79s
2025-06-03 23:08:37,998 - INFO - Epoch 4/50, Train Loss: 2.5926, Train Top-1 Acc: 26.08%, Train Top-5 Acc: 60.34%, Valid Loss: 2.5630, Valid Top-1 Acc: 27.40%, Valid Top-5 Acc: 61.90%, Time: 56.96s
2025-06-03 23:09:34,682 - INFO - Epoch 5/50, Train Loss: 2.5335, Train Top-1 Acc: 27.45%, Train Top-5 Acc: 62.14%, Valid Loss: 2.5142, Valid Top-1 Acc: 26.70%, Valid Top-5 Acc: 63.93%, Time: 56.68s
2025-06-03 23:10:31,482 - INFO - Epoch 6/50, Train Loss: 2.4779, Train Top-1 Acc: 29.15%, Train Top-5 Acc: 64.12%, Valid Loss: 2.4606, Valid Top-1 Acc: 29.93%, Valid Top-5 Acc: 65.20%, Time: 56.80s
2025-06-03 23:11:28,106 - INFO - Epoch 7/50, Train Loss: 2.4362, Train Top-1 Acc: 29.63%, Train Top-5 Acc: 64.81%, Valid Loss: 2.4472, Valid Top-1 Acc: 29.23%, Valid Top-5 Acc: 65.33%, Time: 56.62s
2025-06-03 23:12:24,799 - INFO - Epoch 8/50, Train Loss: 2.3905, Train Top-1 Acc: 31.10%, Train Top-5 Acc: 66.63%, Valid Loss: 2.4128, Valid Top-1 Acc: 30.50%, Valid Top-5 Acc: 67.00%, Time: 56.69s
2025-06-03 23:13:21,444 - INFO - Epoch 9/50, Train Loss: 2.3592, Train Top-1 Acc: 31.59%, Train Top-5 Acc: 67.47%, Valid Loss: 2.3699, Valid Top-1 Acc: 30.90%, Valid Top-5 Acc: 68.20%, Time: 56.65s
2025-06-03 23:14:18,060 - INFO - Epoch 10/50, Train Loss: 2.3246, Train Top-1 Acc: 32.84%, Train Top-5 Acc: 68.65%, Valid Loss: 2.3524, Valid Top-1 Acc: 31.40%, Valid Top-5 Acc: 69.07%, Time: 56.62s
2025-06-03 23:15:14,688 - INFO - Epoch 11/50, Train Loss: 2.2986, Train Top-1 Acc: 33.05%, Train Top-5 Acc: 69.39%, Valid Loss: 2.3001, Valid Top-1 Acc: 33.30%, Valid Top-5 Acc: 69.70%, Time: 56.63s
2025-06-03 23:16:11,258 - INFO - Epoch 12/50, Train Loss: 2.2797, Train Top-1 Acc: 33.27%, Train Top-5 Acc: 70.04%, Valid Loss: 2.2902, Valid Top-1 Acc: 33.00%, Valid Top-5 Acc: 68.83%, Time: 56.57s
2025-06-03 23:17:08,086 - INFO - Epoch 13/50, Train Loss: 2.2558, Train Top-1 Acc: 34.53%, Train Top-5 Acc: 70.53%, Valid Loss: 2.2716, Valid Top-1 Acc: 33.83%, Valid Top-5 Acc: 70.20%, Time: 56.83s
2025-06-03 23:18:04,726 - INFO - Epoch 14/50, Train Loss: 2.2268, Train Top-1 Acc: 35.20%, Train Top-5 Acc: 71.37%, Valid Loss: 2.2372, Valid Top-1 Acc: 34.77%, Valid Top-5 Acc: 71.37%, Time: 56.64s
2025-06-03 23:19:01,288 - INFO - Epoch 15/50, Train Loss: 2.1998, Train Top-1 Acc: 35.65%, Train Top-5 Acc: 72.20%, Valid Loss: 2.2297, Valid Top-1 Acc: 35.47%, Valid Top-5 Acc: 70.93%, Time: 56.56s
2025-06-03 23:19:54,895 - INFO - Epoch 16/50, Train Loss: 2.1800, Train Top-1 Acc: 36.04%, Train Top-5 Acc: 72.50%, Valid Loss: 2.2201, Valid Top-1 Acc: 34.80%, Valid Top-5 Acc: 71.87%, Time: 53.61s
2025-06-03 23:20:50,515 - INFO - Epoch 17/50, Train Loss: 2.1643, Train Top-1 Acc: 36.41%, Train Top-5 Acc: 72.75%, Valid Loss: 2.2220, Valid Top-1 Acc: 36.33%, Valid Top-5 Acc: 71.57%, Time: 55.62s
2025-06-03 23:21:47,407 - INFO - Epoch 18/50, Train Loss: 2.1531, Train Top-1 Acc: 37.07%, Train Top-5 Acc: 73.22%, Valid Loss: 2.1948, Valid Top-1 Acc: 36.67%, Valid Top-5 Acc: 71.97%, Time: 56.89s
2025-06-03 23:22:44,078 - INFO - Epoch 19/50, Train Loss: 2.1369, Train Top-1 Acc: 37.46%, Train Top-5 Acc: 73.38%, Valid Loss: 2.1835, Valid Top-1 Acc: 36.07%, Valid Top-5 Acc: 73.13%, Time: 56.67s
2025-06-03 23:23:40,773 - INFO - Epoch 20/50, Train Loss: 2.1105, Train Top-1 Acc: 37.66%, Train Top-5 Acc: 74.69%, Valid Loss: 2.1611, Valid Top-1 Acc: 36.40%, Valid Top-5 Acc: 72.73%, Time: 56.69s
2025-06-03 23:24:37,267 - INFO - Epoch 21/50, Train Loss: 2.0876, Train Top-1 Acc: 38.39%, Train Top-5 Acc: 74.78%, Valid Loss: 2.1400, Valid Top-1 Acc: 36.77%, Valid Top-5 Acc: 73.70%, Time: 56.49s
2025-06-03 23:25:33,918 - INFO - Epoch 22/50, Train Loss: 2.0725, Train Top-1 Acc: 38.91%, Train Top-5 Acc: 75.48%, Valid Loss: 2.1394, Valid Top-1 Acc: 37.23%, Valid Top-5 Acc: 73.57%, Time: 56.65s
2025-06-03 23:26:30,707 - INFO - Epoch 23/50, Train Loss: 2.0577, Train Top-1 Acc: 39.07%, Train Top-5 Acc: 75.39%, Valid Loss: 2.1156, Valid Top-1 Acc: 38.13%, Valid Top-5 Acc: 74.37%, Time: 56.79s
2025-06-03 23:27:27,433 - INFO - Epoch 24/50, Train Loss: 2.0472, Train Top-1 Acc: 39.30%, Train Top-5 Acc: 75.76%, Valid Loss: 2.1076, Valid Top-1 Acc: 37.90%, Valid Top-5 Acc: 74.13%, Time: 56.73s
2025-06-03 23:28:24,130 - INFO - Epoch 25/50, Train Loss: 2.0207, Train Top-1 Acc: 40.11%, Train Top-5 Acc: 76.57%, Valid Loss: 2.1045, Valid Top-1 Acc: 38.13%, Valid Top-5 Acc: 74.27%, Time: 56.70s
2025-06-03 23:29:20,834 - INFO - Epoch 26/50, Train Loss: 2.0192, Train Top-1 Acc: 40.32%, Train Top-5 Acc: 76.81%, Valid Loss: 2.0880, Valid Top-1 Acc: 39.13%, Valid Top-5 Acc: 74.50%, Time: 56.70s
2025-06-03 23:30:17,499 - INFO - Epoch 27/50, Train Loss: 1.9941, Train Top-1 Acc: 41.09%, Train Top-5 Acc: 76.91%, Valid Loss: 2.0751, Valid Top-1 Acc: 39.10%, Valid Top-5 Acc: 74.93%, Time: 56.66s
2025-06-03 23:31:14,237 - INFO - Epoch 28/50, Train Loss: 1.9832, Train Top-1 Acc: 41.33%, Train Top-5 Acc: 77.83%, Valid Loss: 2.0693, Valid Top-1 Acc: 39.23%, Valid Top-5 Acc: 75.63%, Time: 56.74s
2025-06-03 23:32:10,823 - INFO - Epoch 29/50, Train Loss: 1.9660, Train Top-1 Acc: 41.49%, Train Top-5 Acc: 77.70%, Valid Loss: 2.0715, Valid Top-1 Acc: 39.47%, Valid Top-5 Acc: 75.37%, Time: 56.59s
2025-06-03 23:33:07,504 - INFO - Epoch 30/50, Train Loss: 1.9589, Train Top-1 Acc: 42.00%, Train Top-5 Acc: 78.02%, Valid Loss: 2.0467, Valid Top-1 Acc: 40.00%, Valid Top-5 Acc: 75.30%, Time: 56.68s
2025-06-03 23:34:04,153 - INFO - Epoch 31/50, Train Loss: 1.9447, Train Top-1 Acc: 42.18%, Train Top-5 Acc: 78.07%, Valid Loss: 2.0452, Valid Top-1 Acc: 40.63%, Valid Top-5 Acc: 75.77%, Time: 56.65s
2025-06-03 23:35:00,910 - INFO - Epoch 32/50, Train Loss: 1.9322, Train Top-1 Acc: 42.07%, Train Top-5 Acc: 78.59%, Valid Loss: 2.0553, Valid Top-1 Acc: 40.40%, Valid Top-5 Acc: 75.37%, Time: 56.76s
2025-06-03 23:35:59,420 - INFO - Epoch 33/50, Train Loss: 1.9311, Train Top-1 Acc: 42.66%, Train Top-5 Acc: 78.65%, Valid Loss: 2.0329, Valid Top-1 Acc: 40.80%, Valid Top-5 Acc: 76.07%, Time: 58.51s
2025-06-03 23:36:56,301 - INFO - Epoch 34/50, Train Loss: 1.9132, Train Top-1 Acc: 43.76%, Train Top-5 Acc: 79.07%, Valid Loss: 2.0127, Valid Top-1 Acc: 40.73%, Valid Top-5 Acc: 77.07%, Time: 56.88s
2025-06-03 23:37:52,993 - INFO - Epoch 35/50, Train Loss: 1.9074, Train Top-1 Acc: 43.09%, Train Top-5 Acc: 79.22%, Valid Loss: 2.0143, Valid Top-1 Acc: 41.20%, Valid Top-5 Acc: 75.83%, Time: 56.69s
2025-06-03 23:38:49,605 - INFO - Epoch 36/50, Train Loss: 1.8937, Train Top-1 Acc: 43.91%, Train Top-5 Acc: 79.13%, Valid Loss: 2.0193, Valid Top-1 Acc: 40.50%, Valid Top-5 Acc: 75.83%, Time: 56.61s
2025-06-03 23:39:46,472 - INFO - Epoch 37/50, Train Loss: 1.8871, Train Top-1 Acc: 43.97%, Train Top-5 Acc: 79.13%, Valid Loss: 1.9875, Valid Top-1 Acc: 41.90%, Valid Top-5 Acc: 77.20%, Time: 56.87s
2025-06-03 23:40:41,828 - INFO - Epoch 38/50, Train Loss: 1.8750, Train Top-1 Acc: 44.17%, Train Top-5 Acc: 79.77%, Valid Loss: 2.0094, Valid Top-1 Acc: 40.37%, Valid Top-5 Acc: 76.47%, Time: 55.36s
2025-06-03 23:41:35,604 - INFO - Epoch 39/50, Train Loss: 1.8719, Train Top-1 Acc: 44.13%, Train Top-5 Acc: 79.74%, Valid Loss: 2.0120, Valid Top-1 Acc: 41.37%, Valid Top-5 Acc: 76.00%, Time: 53.78s
2025-06-03 23:42:30,649 - INFO - Epoch 40/50, Train Loss: 1.8685, Train Top-1 Acc: 44.01%, Train Top-5 Acc: 80.09%, Valid Loss: 2.0000, Valid Top-1 Acc: 42.17%, Valid Top-5 Acc: 77.00%, Time: 55.04s
2025-06-03 23:43:27,312 - INFO - Epoch 41/50, Train Loss: 1.8594, Train Top-1 Acc: 44.68%, Train Top-5 Acc: 80.28%, Valid Loss: 1.9695, Valid Top-1 Acc: 42.43%, Valid Top-5 Acc: 78.10%, Time: 56.66s
2025-06-03 23:44:24,257 - INFO - Epoch 42/50, Train Loss: 1.8566, Train Top-1 Acc: 44.65%, Train Top-5 Acc: 80.27%, Valid Loss: 1.9851, Valid Top-1 Acc: 42.20%, Valid Top-5 Acc: 76.83%, Time: 56.94s
2025-06-03 23:45:20,934 - INFO - Epoch 43/50, Train Loss: 1.8611, Train Top-1 Acc: 44.67%, Train Top-5 Acc: 80.01%, Valid Loss: 1.9826, Valid Top-1 Acc: 42.10%, Valid Top-5 Acc: 77.17%, Time: 56.68s
2025-06-03 23:46:17,717 - INFO - Epoch 44/50, Train Loss: 1.8596, Train Top-1 Acc: 44.46%, Train Top-5 Acc: 79.97%, Valid Loss: 2.0012, Valid Top-1 Acc: 41.73%, Valid Top-5 Acc: 75.93%, Time: 56.78s
2025-06-03 23:47:14,431 - INFO - Epoch 45/50, Train Loss: 1.8436, Train Top-1 Acc: 45.45%, Train Top-5 Acc: 80.77%, Valid Loss: 2.0072, Valid Top-1 Acc: 40.53%, Valid Top-5 Acc: 76.63%, Time: 56.71s
2025-06-03 23:48:11,179 - INFO - Epoch 46/50, Train Loss: 1.8507, Train Top-1 Acc: 45.16%, Train Top-5 Acc: 80.11%, Valid Loss: 1.9786, Valid Top-1 Acc: 42.13%, Valid Top-5 Acc: 76.43%, Time: 56.75s
2025-06-03 23:49:08,041 - INFO - Epoch 47/50, Train Loss: 1.8426, Train Top-1 Acc: 45.15%, Train Top-5 Acc: 80.74%, Valid Loss: 1.9770, Valid Top-1 Acc: 42.70%, Valid Top-5 Acc: 78.10%, Time: 56.86s
2025-06-03 23:50:04,866 - INFO - Epoch 48/50, Train Loss: 1.8427, Train Top-1 Acc: 45.36%, Train Top-5 Acc: 80.37%, Valid Loss: 1.9689, Valid Top-1 Acc: 41.40%, Valid Top-5 Acc: 77.87%, Time: 56.82s
2025-06-03 23:51:00,882 - INFO - Epoch 49/50, Train Loss: 1.8365, Train Top-1 Acc: 45.42%, Train Top-5 Acc: 80.71%, Valid Loss: 1.9958, Valid Top-1 Acc: 41.23%, Valid Top-5 Acc: 77.43%, Time: 56.02s
2025-06-03 23:51:57,630 - INFO - Epoch 50/50, Train Loss: 1.8508, Train Top-1 Acc: 44.62%, Train Top-5 Acc: 80.65%, Valid Loss: 1.9743, Valid Top-1 Acc: 42.17%, Valid Top-5 Acc: 77.37%, Time: 56.75s
2025-06-03 23:51:57,630 - INFO - Training Finished
2025-06-03 23:51:59,232 - INFO - Final Test Results:
2025-06-03 23:51:59,233 - INFO - Test Loss: 1.9954
2025-06-03 23:51:59,233 - INFO - Top-1 Accuracy: 42.07%
2025-06-03 23:51:59,233 - INFO - Top-5 Accuracy: 77.17%
2025-06-03 23:52:01,022 - INFO - Model Saved
