2025-06-03 00:49:54,485 - INFO - Model: convnext_tiny_gmlp
2025-06-03 00:49:54,485 - INFO - Batch Size: 64
2025-06-03 00:49:54,486 - INFO - Device: cuda
2025-06-03 00:49:54,486 - INFO - Using pretrained: False
2025-06-03 00:49:54,486 - INFO - Input Size: 32x32
2025-06-03 00:49:56,874 - INFO - Starting training...
2025-06-03 00:53:00,298 - INFO - Epoch 1/30, Train Loss: 4.0393, Train Top-1 Acc: 9.44%, Train Top-5 Acc: 27.45%, Valid Loss: 3.8672, Valid Top-1 Acc: 12.36%, Valid Top-5 Acc: 32.70%, Time: 183.42s
2025-06-03 00:56:10,985 - INFO - Epoch 2/30, Train Loss: 3.7661, Train Top-1 Acc: 13.53%, Train Top-5 Acc: 35.32%, Valid Loss: 3.6923, Valid Top-1 Acc: 14.34%, Valid Top-5 Acc: 37.62%, Time: 190.69s
2025-06-03 00:59:21,392 - INFO - Epoch 3/30, Train Loss: 3.5918, Train Top-1 Acc: 15.95%, Train Top-5 Acc: 39.86%, Valid Loss: 3.5362, Valid Top-1 Acc: 17.00%, Valid Top-5 Acc: 41.88%, Time: 190.41s
2025-06-03 01:02:30,819 - INFO - Epoch 4/30, Train Loss: 3.4641, Train Top-1 Acc: 17.92%, Train Top-5 Acc: 43.46%, Valid Loss: 3.4258, Valid Top-1 Acc: 18.67%, Valid Top-5 Acc: 44.67%, Time: 189.43s
2025-06-03 01:05:39,001 - INFO - Epoch 5/30, Train Loss: 3.3608, Train Top-1 Acc: 19.64%, Train Top-5 Acc: 46.37%, Valid Loss: 3.3275, Valid Top-1 Acc: 20.10%, Valid Top-5 Acc: 47.20%, Time: 188.18s
2025-06-03 01:08:47,395 - INFO - Epoch 6/30, Train Loss: 3.2747, Train Top-1 Acc: 21.07%, Train Top-5 Acc: 48.67%, Valid Loss: 3.2433, Valid Top-1 Acc: 22.31%, Valid Top-5 Acc: 49.66%, Time: 188.39s
2025-06-03 01:11:55,358 - INFO - Epoch 7/30, Train Loss: 3.2000, Train Top-1 Acc: 22.55%, Train Top-5 Acc: 50.40%, Valid Loss: 3.1878, Valid Top-1 Acc: 22.88%, Valid Top-5 Acc: 50.83%, Time: 187.96s
2025-06-03 01:15:07,431 - INFO - Epoch 8/30, Train Loss: 3.1385, Train Top-1 Acc: 23.43%, Train Top-5 Acc: 52.10%, Valid Loss: 3.1510, Valid Top-1 Acc: 24.01%, Valid Top-5 Acc: 52.04%, Time: 192.07s
2025-06-03 01:18:23,425 - INFO - Epoch 9/30, Train Loss: 3.0743, Train Top-1 Acc: 24.67%, Train Top-5 Acc: 53.65%, Valid Loss: 3.0830, Valid Top-1 Acc: 24.58%, Valid Top-5 Acc: 53.35%, Time: 195.99s
2025-06-03 01:21:31,517 - INFO - Epoch 10/30, Train Loss: 3.0204, Train Top-1 Acc: 25.48%, Train Top-5 Acc: 54.71%, Valid Loss: 3.0339, Valid Top-1 Acc: 26.56%, Valid Top-5 Acc: 54.85%, Time: 188.09s
2025-06-03 01:24:39,637 - INFO - Epoch 11/30, Train Loss: 2.9676, Train Top-1 Acc: 26.66%, Train Top-5 Acc: 56.36%, Valid Loss: 2.9951, Valid Top-1 Acc: 26.43%, Valid Top-5 Acc: 55.82%, Time: 188.12s
2025-06-03 01:27:48,109 - INFO - Epoch 12/30, Train Loss: 2.9138, Train Top-1 Acc: 27.57%, Train Top-5 Acc: 57.47%, Valid Loss: 2.9404, Valid Top-1 Acc: 28.21%, Valid Top-5 Acc: 57.01%, Time: 188.47s
2025-06-03 01:30:56,332 - INFO - Epoch 13/30, Train Loss: 2.8731, Train Top-1 Acc: 28.40%, Train Top-5 Acc: 58.58%, Valid Loss: 2.9264, Valid Top-1 Acc: 27.32%, Valid Top-5 Acc: 57.41%, Time: 188.22s
2025-06-03 01:34:04,155 - INFO - Epoch 14/30, Train Loss: 2.8274, Train Top-1 Acc: 29.41%, Train Top-5 Acc: 59.57%, Valid Loss: 2.8685, Valid Top-1 Acc: 29.02%, Valid Top-5 Acc: 58.30%, Time: 187.82s
2025-06-03 01:37:12,104 - INFO - Epoch 15/30, Train Loss: 2.7796, Train Top-1 Acc: 30.12%, Train Top-5 Acc: 60.77%, Valid Loss: 2.8276, Valid Top-1 Acc: 29.79%, Valid Top-5 Acc: 60.06%, Time: 187.95s
2025-06-03 01:40:19,806 - INFO - Epoch 16/30, Train Loss: 2.7298, Train Top-1 Acc: 31.21%, Train Top-5 Acc: 61.94%, Valid Loss: 2.8008, Valid Top-1 Acc: 30.18%, Valid Top-5 Acc: 60.53%, Time: 187.70s
2025-06-03 01:43:27,478 - INFO - Epoch 17/30, Train Loss: 2.6810, Train Top-1 Acc: 32.18%, Train Top-5 Acc: 62.89%, Valid Loss: 2.7779, Valid Top-1 Acc: 30.86%, Valid Top-5 Acc: 60.97%, Time: 187.67s
2025-06-03 01:46:35,302 - INFO - Epoch 18/30, Train Loss: 2.6329, Train Top-1 Acc: 32.79%, Train Top-5 Acc: 64.26%, Valid Loss: 2.7811, Valid Top-1 Acc: 31.03%, Valid Top-5 Acc: 61.18%, Time: 187.82s
2025-06-03 01:49:43,251 - INFO - Epoch 19/30, Train Loss: 2.5862, Train Top-1 Acc: 33.96%, Train Top-5 Acc: 65.31%, Valid Loss: 2.7199, Valid Top-1 Acc: 32.06%, Valid Top-5 Acc: 62.34%, Time: 187.95s
2025-06-03 01:52:51,610 - INFO - Epoch 20/30, Train Loss: 2.5434, Train Top-1 Acc: 34.78%, Train Top-5 Acc: 65.93%, Valid Loss: 2.7439, Valid Top-1 Acc: 31.62%, Valid Top-5 Acc: 62.08%, Time: 188.36s
2025-06-03 01:55:58,212 - INFO - Epoch 21/30, Train Loss: 2.4946, Train Top-1 Acc: 35.62%, Train Top-5 Acc: 67.28%, Valid Loss: 2.6719, Valid Top-1 Acc: 32.99%, Valid Top-5 Acc: 63.70%, Time: 186.60s
2025-06-03 01:59:00,106 - INFO - Epoch 22/30, Train Loss: 2.4420, Train Top-1 Acc: 36.86%, Train Top-5 Acc: 68.26%, Valid Loss: 2.6667, Valid Top-1 Acc: 32.98%, Valid Top-5 Acc: 63.49%, Time: 181.89s
2025-06-03 02:02:08,069 - INFO - Epoch 23/30, Train Loss: 2.3948, Train Top-1 Acc: 38.06%, Train Top-5 Acc: 69.32%, Valid Loss: 2.5998, Valid Top-1 Acc: 34.65%, Valid Top-5 Acc: 65.01%, Time: 187.96s
2025-06-03 02:05:19,771 - INFO - Epoch 24/30, Train Loss: 2.3414, Train Top-1 Acc: 39.03%, Train Top-5 Acc: 70.61%, Valid Loss: 2.5847, Valid Top-1 Acc: 35.23%, Valid Top-5 Acc: 65.14%, Time: 191.70s
2025-06-03 02:08:39,351 - INFO - Epoch 25/30, Train Loss: 2.2887, Train Top-1 Acc: 39.84%, Train Top-5 Acc: 71.76%, Valid Loss: 2.5685, Valid Top-1 Acc: 36.05%, Valid Top-5 Acc: 65.63%, Time: 199.58s
2025-06-03 02:11:48,714 - INFO - Epoch 26/30, Train Loss: 2.2434, Train Top-1 Acc: 41.15%, Train Top-5 Acc: 72.55%, Valid Loss: 2.5604, Valid Top-1 Acc: 35.95%, Valid Top-5 Acc: 65.79%, Time: 189.36s
2025-06-03 02:14:58,998 - INFO - Epoch 27/30, Train Loss: 2.1918, Train Top-1 Acc: 42.18%, Train Top-5 Acc: 73.94%, Valid Loss: 2.5491, Valid Top-1 Acc: 36.58%, Valid Top-5 Acc: 66.35%, Time: 190.28s
2025-06-03 02:18:17,567 - INFO - Epoch 28/30, Train Loss: 2.1297, Train Top-1 Acc: 43.57%, Train Top-5 Acc: 75.01%, Valid Loss: 2.5305, Valid Top-1 Acc: 36.89%, Valid Top-5 Acc: 66.74%, Time: 198.57s
2025-06-03 02:21:26,634 - INFO - Epoch 29/30, Train Loss: 2.0780, Train Top-1 Acc: 44.68%, Train Top-5 Acc: 76.14%, Valid Loss: 2.5145, Valid Top-1 Acc: 37.30%, Valid Top-5 Acc: 67.02%, Time: 189.07s
2025-06-03 02:24:33,912 - INFO - Epoch 30/30, Train Loss: 2.0184, Train Top-1 Acc: 46.06%, Train Top-5 Acc: 77.29%, Valid Loss: 2.5011, Valid Top-1 Acc: 37.48%, Valid Top-5 Acc: 66.94%, Time: 187.28s
2025-06-03 02:24:33,912 - INFO - Training Finished
2025-06-03 02:24:39,269 - INFO - Final Test Results:
2025-06-03 02:24:39,269 - INFO - Test Loss: 2.4948
2025-06-03 02:24:39,269 - INFO - Top-1 Accuracy: 38.11%
2025-06-03 02:24:39,270 - INFO - Top-5 Accuracy: 67.51%
2025-06-03 02:24:41,009 - INFO - Model Saved
