2025-06-03 20:45:10,799 - INFO - Model: cnn_resnet18_imporved
2025-06-03 20:45:10,799 - INFO - Batch Size: 64
2025-06-03 20:45:10,799 - INFO - Device: cuda
2025-06-03 20:45:12,832 - INFO - Starting training...
2025-06-03 20:46:08,469 - INFO - Epoch 1/15, Train Loss: 3.9639, Train Top-1 Acc: 12.09%, Train Top-5 Acc: 30.43%, Valid Loss: 3.2905, Valid Top-1 Acc: 21.33%, Valid Top-5 Acc: 50.60%, Time: 55.64s
2025-06-03 20:47:06,598 - INFO - Epoch 2/15, Train Loss: 3.3790, Train Top-1 Acc: 23.03%, Train Top-5 Acc: 46.52%, Valid Loss: 2.7274, Valid Top-1 Acc: 32.54%, Valid Top-5 Acc: 64.55%, Time: 58.13s
2025-06-03 20:48:04,794 - INFO - Epoch 3/15, Train Loss: 2.9872, Train Top-1 Acc: 31.19%, Train Top-5 Acc: 55.65%, Valid Loss: 2.4297, Valid Top-1 Acc: 38.68%, Valid Top-5 Acc: 70.99%, Time: 58.20s
2025-06-03 20:49:05,523 - INFO - Epoch 4/15, Train Loss: 2.7279, Train Top-1 Acc: 36.82%, Train Top-5 Acc: 62.15%, Valid Loss: 2.1220, Valid Top-1 Acc: 44.91%, Valid Top-5 Acc: 76.67%, Time: 60.73s
2025-06-03 20:50:04,595 - INFO - Epoch 5/15, Train Loss: 2.5080, Train Top-1 Acc: 41.60%, Train Top-5 Acc: 67.99%, Valid Loss: 1.9339, Valid Top-1 Acc: 48.59%, Valid Top-5 Acc: 79.21%, Time: 59.07s
2025-06-03 20:51:03,140 - INFO - Epoch 6/15, Train Loss: 2.3352, Train Top-1 Acc: 45.29%, Train Top-5 Acc: 73.39%, Valid Loss: 1.8273, Valid Top-1 Acc: 51.10%, Valid Top-5 Acc: 80.87%, Time: 58.54s
2025-06-03 20:52:01,279 - INFO - Epoch 7/15, Train Loss: 2.1550, Train Top-1 Acc: 49.38%, Train Top-5 Acc: 78.63%, Valid Loss: 1.7531, Valid Top-1 Acc: 52.39%, Valid Top-5 Acc: 81.87%, Time: 58.14s
2025-06-03 20:52:59,339 - INFO - Epoch 8/15, Train Loss: 1.9770, Train Top-1 Acc: 53.44%, Train Top-5 Acc: 82.91%, Valid Loss: 1.6595, Valid Top-1 Acc: 55.35%, Valid Top-5 Acc: 83.28%, Time: 58.06s
2025-06-03 20:53:52,393 - INFO - Epoch 9/15, Train Loss: 1.7980, Train Top-1 Acc: 57.36%, Train Top-5 Acc: 87.64%, Valid Loss: 1.6605, Valid Top-1 Acc: 55.26%, Valid Top-5 Acc: 82.84%, Time: 53.05s
2025-06-03 20:54:48,126 - INFO - Epoch 10/15, Train Loss: 1.6387, Train Top-1 Acc: 60.77%, Train Top-5 Acc: 92.03%, Valid Loss: 1.6514, Valid Top-1 Acc: 55.89%, Valid Top-5 Acc: 83.06%, Time: 55.73s
2025-06-03 20:55:46,212 - INFO - Epoch 11/15, Train Loss: 1.5001, Train Top-1 Acc: 63.60%, Train Top-5 Acc: 95.21%, Valid Loss: 1.6617, Valid Top-1 Acc: 57.29%, Valid Top-5 Acc: 82.89%, Time: 58.09s
2025-06-03 20:56:44,247 - INFO - Epoch 12/15, Train Loss: 1.3937, Train Top-1 Acc: 65.63%, Train Top-5 Acc: 97.33%, Valid Loss: 1.8128, Valid Top-1 Acc: 55.70%, Valid Top-5 Acc: 81.72%, Time: 58.04s
2025-06-03 20:57:33,518 - INFO - Epoch 13/15, Train Loss: 1.3200, Train Top-1 Acc: 67.01%, Train Top-5 Acc: 98.63%, Valid Loss: 1.8342, Valid Top-1 Acc: 56.16%, Valid Top-5 Acc: 82.02%, Time: 49.27s
2025-06-03 20:58:22,756 - INFO - Epoch 14/15, Train Loss: 1.2589, Train Top-1 Acc: 68.01%, Train Top-5 Acc: 99.25%, Valid Loss: 1.9426, Valid Top-1 Acc: 56.11%, Valid Top-5 Acc: 81.50%, Time: 49.24s
2025-06-03 20:59:19,963 - INFO - Epoch 15/15, Train Loss: 1.2192, Train Top-1 Acc: 68.71%, Train Top-5 Acc: 99.43%, Valid Loss: 2.0198, Valid Top-1 Acc: 55.59%, Valid Top-5 Acc: 80.87%, Time: 57.21s
2025-06-03 20:59:19,963 - INFO - Training Finished
2025-06-03 20:59:23,064 - INFO - Final Test Results:
2025-06-03 20:59:23,065 - INFO - Test Loss: 2.0198
2025-06-03 20:59:23,065 - INFO - Top-1 Accuracy: 55.59%
2025-06-03 20:59:23,065 - INFO - Top-5 Accuracy: 80.87%
2025-06-03 20:59:23,662 - INFO - Model Saved
