2025-06-03 12:42:52,921 - INFO - Model: coatnet_tiny
2025-06-03 12:42:52,921 - INFO - Batch Size: 64
2025-06-03 12:42:52,921 - INFO - Device: cuda
2025-06-03 12:42:52,921 - INFO - CoAtNet model variant: coatnet_tiny
2025-06-03 12:42:52,921 - INFO - Using AdamW optimizer with weight decay 0.05
2025-06-03 12:42:52,922 - INFO - Input Size: 32x32
2025-06-03 12:42:54,608 - INFO - Starting training...
2025-06-03 12:45:37,342 - INFO - Epoch 1/30, Train Loss: 3.5220, Train Top-1 Acc: 16.58%, Train Top-5 Acc: 41.68%, Valid Loss: 2.9997, Valid Top-1 Acc: 24.39%, Valid Top-5 Acc: 55.84%, Time: 162.73s
2025-06-03 12:48:24,921 - INFO - Epoch 2/30, Train Loss: 2.6928, Train Top-1 Acc: 30.78%, Train Top-5 Acc: 62.83%, Valid Loss: 2.4844, Valid Top-1 Acc: 35.10%, Valid Top-5 Acc: 67.89%, Time: 167.58s
2025-06-03 12:51:11,009 - INFO - Epoch 3/30, Train Loss: 2.2905, Train Top-1 Acc: 39.22%, Train Top-5 Acc: 72.07%, Valid Loss: 2.2200, Valid Top-1 Acc: 41.08%, Valid Top-5 Acc: 73.88%, Time: 166.09s
2025-06-03 12:53:42,346 - INFO - Epoch 4/30, Train Loss: 2.0319, Train Top-1 Acc: 45.11%, Train Top-5 Acc: 77.24%, Valid Loss: 2.0788, Valid Top-1 Acc: 44.70%, Valid Top-5 Acc: 75.91%, Time: 151.34s
2025-06-03 12:56:20,571 - INFO - Epoch 5/30, Train Loss: 1.8362, Train Top-1 Acc: 49.44%, Train Top-5 Acc: 80.81%, Valid Loss: 1.9138, Valid Top-1 Acc: 49.23%, Valid Top-5 Acc: 78.88%, Time: 158.22s
2025-06-03 12:59:05,661 - INFO - Epoch 6/30, Train Loss: 1.6692, Train Top-1 Acc: 53.36%, Train Top-5 Acc: 83.92%, Valid Loss: 1.8333, Valid Top-1 Acc: 51.15%, Valid Top-5 Acc: 80.84%, Time: 165.09s
2025-06-03 13:01:47,199 - INFO - Epoch 7/30, Train Loss: 1.5303, Train Top-1 Acc: 56.88%, Train Top-5 Acc: 86.13%, Valid Loss: 1.8190, Valid Top-1 Acc: 51.20%, Valid Top-5 Acc: 81.09%, Time: 161.54s
2025-06-03 13:04:28,944 - INFO - Epoch 8/30, Train Loss: 1.4119, Train Top-1 Acc: 59.60%, Train Top-5 Acc: 87.99%, Valid Loss: 1.7677, Valid Top-1 Acc: 53.19%, Valid Top-5 Acc: 82.56%, Time: 161.74s
2025-06-03 13:07:11,350 - INFO - Epoch 9/30, Train Loss: 1.2748, Train Top-1 Acc: 62.86%, Train Top-5 Acc: 90.09%, Valid Loss: 1.7577, Valid Top-1 Acc: 53.58%, Valid Top-5 Acc: 82.62%, Time: 162.41s
2025-06-03 13:09:55,014 - INFO - Epoch 10/30, Train Loss: 1.1783, Train Top-1 Acc: 65.26%, Train Top-5 Acc: 91.46%, Valid Loss: 1.7671, Valid Top-1 Acc: 54.40%, Valid Top-5 Acc: 83.45%, Time: 163.66s
2025-06-03 13:12:35,274 - INFO - Epoch 11/30, Train Loss: 1.0799, Train Top-1 Acc: 67.83%, Train Top-5 Acc: 92.89%, Valid Loss: 1.7017, Valid Top-1 Acc: 56.20%, Valid Top-5 Acc: 84.13%, Time: 160.26s
2025-06-03 13:15:16,827 - INFO - Epoch 12/30, Train Loss: 0.9869, Train Top-1 Acc: 70.25%, Train Top-5 Acc: 94.05%, Valid Loss: 1.7358, Valid Top-1 Acc: 56.47%, Valid Top-5 Acc: 84.06%, Time: 161.55s
2025-06-03 13:17:53,763 - INFO - Epoch 13/30, Train Loss: 0.9007, Train Top-1 Acc: 72.58%, Train Top-5 Acc: 95.04%, Valid Loss: 1.7648, Valid Top-1 Acc: 56.14%, Valid Top-5 Acc: 84.27%, Time: 156.94s
2025-06-03 13:20:32,164 - INFO - Epoch 14/30, Train Loss: 0.8280, Train Top-1 Acc: 74.63%, Train Top-5 Acc: 95.86%, Valid Loss: 1.7749, Valid Top-1 Acc: 56.87%, Valid Top-5 Acc: 84.48%, Time: 158.40s
2025-06-03 13:23:12,738 - INFO - Epoch 15/30, Train Loss: 0.7622, Train Top-1 Acc: 76.30%, Train Top-5 Acc: 96.57%, Valid Loss: 1.8487, Valid Top-1 Acc: 57.42%, Valid Top-5 Acc: 84.08%, Time: 160.57s
2025-06-03 13:25:53,834 - INFO - Epoch 16/30, Train Loss: 0.6941, Train Top-1 Acc: 78.20%, Train Top-5 Acc: 97.26%, Valid Loss: 1.9245, Valid Top-1 Acc: 57.53%, Valid Top-5 Acc: 84.28%, Time: 161.10s
2025-06-03 13:28:41,779 - INFO - Epoch 17/30, Train Loss: 0.6514, Train Top-1 Acc: 79.52%, Train Top-5 Acc: 97.65%, Valid Loss: 2.0126, Valid Top-1 Acc: 56.25%, Valid Top-5 Acc: 83.92%, Time: 167.94s
2025-06-03 13:31:31,356 - INFO - Epoch 18/30, Train Loss: 0.6024, Train Top-1 Acc: 81.12%, Train Top-5 Acc: 98.04%, Valid Loss: 1.9783, Valid Top-1 Acc: 58.27%, Valid Top-5 Acc: 84.95%, Time: 169.58s
2025-06-03 13:34:22,701 - INFO - Epoch 19/30, Train Loss: 0.5649, Train Top-1 Acc: 82.01%, Train Top-5 Acc: 98.26%, Valid Loss: 2.1115, Valid Top-1 Acc: 57.84%, Valid Top-5 Acc: 83.92%, Time: 171.34s
2025-06-03 13:37:12,072 - INFO - Epoch 20/30, Train Loss: 0.5345, Train Top-1 Acc: 83.11%, Train Top-5 Acc: 98.52%, Valid Loss: 2.0680, Valid Top-1 Acc: 57.92%, Valid Top-5 Acc: 84.78%, Time: 169.37s
2025-06-03 13:40:03,430 - INFO - Epoch 21/30, Train Loss: 0.5059, Train Top-1 Acc: 84.05%, Train Top-5 Acc: 98.69%, Valid Loss: 2.0794, Valid Top-1 Acc: 57.92%, Valid Top-5 Acc: 84.71%, Time: 171.36s
2025-06-03 13:42:52,433 - INFO - Epoch 22/30, Train Loss: 0.4711, Train Top-1 Acc: 85.07%, Train Top-5 Acc: 98.92%, Valid Loss: 2.1483, Valid Top-1 Acc: 59.01%, Valid Top-5 Acc: 84.98%, Time: 169.00s
2025-06-03 13:45:42,351 - INFO - Epoch 23/30, Train Loss: 0.4532, Train Top-1 Acc: 85.69%, Train Top-5 Acc: 99.00%, Valid Loss: 2.2343, Valid Top-1 Acc: 58.26%, Valid Top-5 Acc: 84.66%, Time: 169.92s
2025-06-03 13:48:20,912 - INFO - Epoch 24/30, Train Loss: 0.4356, Train Top-1 Acc: 86.27%, Train Top-5 Acc: 99.10%, Valid Loss: 2.2931, Valid Top-1 Acc: 58.38%, Valid Top-5 Acc: 84.50%, Time: 158.56s
2025-06-03 13:51:05,053 - INFO - Epoch 25/30, Train Loss: 0.4199, Train Top-1 Acc: 86.68%, Train Top-5 Acc: 99.18%, Valid Loss: 2.3181, Valid Top-1 Acc: 58.55%, Valid Top-5 Acc: 84.87%, Time: 164.14s
2025-06-03 13:53:54,826 - INFO - Epoch 26/30, Train Loss: 0.4019, Train Top-1 Acc: 87.53%, Train Top-5 Acc: 99.23%, Valid Loss: 2.3687, Valid Top-1 Acc: 58.22%, Valid Top-5 Acc: 83.95%, Time: 169.77s
