2025-06-03 11:45:10,766 - INFO - Model: cnn_csp_resnet50
2025-06-03 11:45:10,766 - INFO - Batch Size: 64
2025-06-03 11:45:10,766 - INFO - Device: cuda
2025-06-03 11:45:13,045 - INFO - Starting training...
2025-06-03 11:46:27,820 - INFO - Epoch 1/30, Train Loss: 3.9597, Train Top-1 Acc: 12.94%, Train Top-5 Acc: 35.31%, Valid Loss: 3.7640, Valid Top-1 Acc: 20.48%, Valid Top-5 Acc: 49.21%, Time: 74.77s
2025-06-03 11:47:39,307 - INFO - Epoch 2/30, Train Loss: 3.1312, Train Top-1 Acc: 24.26%, Train Top-5 Acc: 54.37%, Valid Loss: 3.8839, Valid Top-1 Acc: 26.25%, Valid Top-5 Acc: 57.66%, Time: 71.49s
2025-06-03 11:48:51,097 - INFO - Epoch 3/30, Train Loss: 2.7359, Train Top-1 Acc: 31.94%, Train Top-5 Acc: 63.49%, Valid Loss: 3.1936, Valid Top-1 Acc: 31.62%, Valid Top-5 Acc: 62.38%, Time: 71.79s
2025-06-03 11:50:05,044 - INFO - Epoch 4/30, Train Loss: 2.4446, Train Top-1 Acc: 37.61%, Train Top-5 Acc: 69.60%, Valid Loss: 2.9877, Valid Top-1 Acc: 35.32%, Valid Top-5 Acc: 66.38%, Time: 73.95s
2025-06-03 11:51:18,931 - INFO - Epoch 5/30, Train Loss: 2.1769, Train Top-1 Acc: 42.83%, Train Top-5 Acc: 75.33%, Valid Loss: 3.0198, Valid Top-1 Acc: 36.19%, Valid Top-5 Acc: 67.21%, Time: 73.89s
2025-06-03 11:52:32,960 - INFO - Epoch 6/30, Train Loss: 1.9555, Train Top-1 Acc: 47.71%, Train Top-5 Acc: 79.47%, Valid Loss: 3.2299, Valid Top-1 Acc: 37.38%, Valid Top-5 Acc: 68.28%, Time: 74.03s
2025-06-03 11:53:43,035 - INFO - Epoch 7/30, Train Loss: 1.7211, Train Top-1 Acc: 52.77%, Train Top-5 Acc: 83.27%, Valid Loss: 3.0056, Valid Top-1 Acc: 39.53%, Valid Top-5 Acc: 69.80%, Time: 70.07s
2025-06-03 11:54:52,540 - INFO - Epoch 8/30, Train Loss: 1.4954, Train Top-1 Acc: 58.32%, Train Top-5 Acc: 87.21%, Valid Loss: 3.0735, Valid Top-1 Acc: 39.83%, Valid Top-5 Acc: 69.45%, Time: 69.50s
2025-06-03 11:55:58,324 - INFO - Epoch 9/30, Train Loss: 1.2990, Train Top-1 Acc: 63.35%, Train Top-5 Acc: 90.17%, Valid Loss: 2.8499, Valid Top-1 Acc: 40.57%, Valid Top-5 Acc: 69.58%, Time: 65.78s
2025-06-03 11:56:59,734 - INFO - Epoch 10/30, Train Loss: 1.1291, Train Top-1 Acc: 67.47%, Train Top-5 Acc: 92.57%, Valid Loss: 3.1915, Valid Top-1 Acc: 39.94%, Valid Top-5 Acc: 69.59%, Time: 61.41s
2025-06-03 11:58:01,128 - INFO - Epoch 11/30, Train Loss: 0.9729, Train Top-1 Acc: 71.62%, Train Top-5 Acc: 94.47%, Valid Loss: 3.5765, Valid Top-1 Acc: 38.13%, Valid Top-5 Acc: 68.06%, Time: 61.39s
2025-06-03 11:59:02,412 - INFO - Epoch 12/30, Train Loss: 0.8402, Train Top-1 Acc: 75.19%, Train Top-5 Acc: 96.05%, Valid Loss: 3.4362, Valid Top-1 Acc: 40.09%, Valid Top-5 Acc: 68.65%, Time: 61.28s
2025-06-03 12:00:03,578 - INFO - Epoch 13/30, Train Loss: 0.7300, Train Top-1 Acc: 78.11%, Train Top-5 Acc: 97.13%, Valid Loss: 3.6852, Valid Top-1 Acc: 39.50%, Valid Top-5 Acc: 67.95%, Time: 61.17s
2025-06-03 12:01:04,719 - INFO - Epoch 14/30, Train Loss: 0.6496, Train Top-1 Acc: 80.86%, Train Top-5 Acc: 97.66%, Valid Loss: 4.9336, Valid Top-1 Acc: 38.63%, Valid Top-5 Acc: 66.48%, Time: 61.14s
2025-06-03 12:02:05,843 - INFO - Epoch 15/30, Train Loss: 0.5919, Train Top-1 Acc: 82.40%, Train Top-5 Acc: 98.13%, Valid Loss: 6.0205, Valid Top-1 Acc: 39.71%, Valid Top-5 Acc: 67.04%, Time: 61.12s
2025-06-03 12:03:07,018 - INFO - Epoch 16/30, Train Loss: 0.5371, Train Top-1 Acc: 83.98%, Train Top-5 Acc: 98.50%, Valid Loss: 4.3284, Valid Top-1 Acc: 39.82%, Valid Top-5 Acc: 68.27%, Time: 61.17s
2025-06-03 12:04:08,221 - INFO - Epoch 17/30, Train Loss: 0.4946, Train Top-1 Acc: 85.25%, Train Top-5 Acc: 98.80%, Valid Loss: 3.9542, Valid Top-1 Acc: 40.59%, Valid Top-5 Acc: 68.54%, Time: 61.20s
2025-06-03 12:05:09,346 - INFO - Epoch 18/30, Train Loss: 0.4514, Train Top-1 Acc: 86.31%, Train Top-5 Acc: 98.97%, Valid Loss: 4.7907, Valid Top-1 Acc: 40.63%, Valid Top-5 Acc: 68.50%, Time: 61.12s
2025-06-03 12:06:10,554 - INFO - Epoch 19/30, Train Loss: 0.4335, Train Top-1 Acc: 87.15%, Train Top-5 Acc: 99.04%, Valid Loss: 4.1727, Valid Top-1 Acc: 40.46%, Valid Top-5 Acc: 69.21%, Time: 61.21s
2025-06-03 12:07:11,781 - INFO - Epoch 20/30, Train Loss: 0.4081, Train Top-1 Acc: 87.87%, Train Top-5 Acc: 99.15%, Valid Loss: 4.4769, Valid Top-1 Acc: 40.69%, Valid Top-5 Acc: 67.98%, Time: 61.23s
2025-06-03 12:08:13,069 - INFO - Epoch 21/30, Train Loss: 0.3760, Train Top-1 Acc: 89.03%, Train Top-5 Acc: 99.23%, Valid Loss: 4.3376, Valid Top-1 Acc: 40.38%, Valid Top-5 Acc: 68.41%, Time: 61.29s
2025-06-03 12:09:14,404 - INFO - Epoch 22/30, Train Loss: 0.3556, Train Top-1 Acc: 89.29%, Train Top-5 Acc: 99.33%, Valid Loss: 4.6276, Valid Top-1 Acc: 40.48%, Valid Top-5 Acc: 68.13%, Time: 61.33s
2025-06-03 12:10:15,566 - INFO - Epoch 23/30, Train Loss: 0.3377, Train Top-1 Acc: 89.80%, Train Top-5 Acc: 99.38%, Valid Loss: 5.3745, Valid Top-1 Acc: 40.23%, Valid Top-5 Acc: 67.62%, Time: 61.16s
2025-06-03 12:11:16,859 - INFO - Epoch 24/30, Train Loss: 0.3258, Train Top-1 Acc: 90.21%, Train Top-5 Acc: 99.38%, Valid Loss: 4.2998, Valid Top-1 Acc: 39.57%, Valid Top-5 Acc: 67.79%, Time: 61.29s
2025-06-03 12:12:18,122 - INFO - Epoch 25/30, Train Loss: 0.3054, Train Top-1 Acc: 90.90%, Train Top-5 Acc: 99.46%, Valid Loss: 4.4379, Valid Top-1 Acc: 39.95%, Valid Top-5 Acc: 68.18%, Time: 61.26s
2025-06-03 12:13:19,335 - INFO - Epoch 26/30, Train Loss: 0.3024, Train Top-1 Acc: 90.99%, Train Top-5 Acc: 99.56%, Valid Loss: 6.7639, Valid Top-1 Acc: 39.44%, Valid Top-5 Acc: 67.05%, Time: 61.21s
2025-06-03 12:14:20,579 - INFO - Epoch 27/30, Train Loss: 0.2863, Train Top-1 Acc: 91.58%, Train Top-5 Acc: 99.54%, Valid Loss: 4.9392, Valid Top-1 Acc: 39.98%, Valid Top-5 Acc: 67.67%, Time: 61.24s
2025-06-03 12:15:21,792 - INFO - Epoch 28/30, Train Loss: 0.2836, Train Top-1 Acc: 91.61%, Train Top-5 Acc: 99.54%, Valid Loss: 5.1570, Valid Top-1 Acc: 39.66%, Valid Top-5 Acc: 66.91%, Time: 61.21s
2025-06-03 12:16:22,963 - INFO - Epoch 29/30, Train Loss: 0.2691, Train Top-1 Acc: 91.94%, Train Top-5 Acc: 99.60%, Valid Loss: 4.8526, Valid Top-1 Acc: 40.32%, Valid Top-5 Acc: 67.98%, Time: 61.17s
2025-06-03 12:17:24,235 - INFO - Epoch 30/30, Train Loss: 0.2566, Train Top-1 Acc: 92.38%, Train Top-5 Acc: 99.63%, Valid Loss: 5.5492, Valid Top-1 Acc: 40.21%, Valid Top-5 Acc: 67.89%, Time: 61.27s
2025-06-03 12:17:24,236 - INFO - Training Finished
2025-06-03 12:17:26,980 - INFO - Final Test Results:
2025-06-03 12:17:26,980 - INFO - Test Loss: 5.5492
2025-06-03 12:17:26,980 - INFO - Top-1 Accuracy: 40.21%
2025-06-03 12:17:26,981 - INFO - Top-5 Accuracy: 67.89%
2025-06-03 12:17:27,113 - INFO - Model Saved
