2025-05-30 14:25:23,883 - INFO - Model: convnext_tiny
2025-05-30 14:25:23,883 - INFO - Batch Size: 64
2025-05-30 14:25:23,884 - INFO - Device: cuda
2025-05-30 14:25:23,884 - INFO - Using pretrained: True
2025-05-30 14:25:23,884 - INFO - Using 22K weights: False
2025-05-30 14:25:23,884 - INFO - Input Size: 64x64
2025-05-30 14:25:26,360 - INFO - Starting training...
2025-05-30 14:26:32,093 - INFO - Epoch 1/30, Train Loss: 2.9659, Train Top-1 Acc: 40.90%, Train Top-5 Acc: 71.69%, Valid Loss: 1.6686, Valid Top-1 Acc: 62.26%, Valid Top-5 Acc: 91.14%, Time: 65.73s
2025-05-30 14:27:29,753 - INFO - Epoch 2/30, Train Loss: 1.3399, Train Top-1 Acc: 68.24%, Train Top-5 Acc: 93.55%, Valid Loss: 1.0100, Valid Top-1 Acc: 72.06%, Valid Top-5 Acc: 94.99%, Time: 57.66s
2025-05-30 14:28:34,488 - INFO - Epoch 3/30, Train Loss: 0.8701, Train Top-1 Acc: 76.97%, Train Top-5 Acc: 96.52%, Valid Loss: 0.7725, Valid Top-1 Acc: 77.74%, Valid Top-5 Acc: 96.48%, Time: 64.73s
2025-05-30 14:29:43,087 - INFO - Epoch 4/30, Train Loss: 0.6546, Train Top-1 Acc: 81.71%, Train Top-5 Acc: 97.69%, Valid Loss: 0.6859, Valid Top-1 Acc: 79.03%, Valid Top-5 Acc: 96.83%, Time: 68.60s
2025-05-30 14:30:51,885 - INFO - Epoch 5/30, Train Loss: 0.5122, Train Top-1 Acc: 85.16%, Train Top-5 Acc: 98.52%, Valid Loss: 0.6489, Valid Top-1 Acc: 80.65%, Valid Top-5 Acc: 97.12%, Time: 68.80s
2025-05-30 14:31:55,008 - INFO - Epoch 6/30, Train Loss: 0.4137, Train Top-1 Acc: 88.04%, Train Top-5 Acc: 98.95%, Valid Loss: 0.6127, Valid Top-1 Acc: 81.73%, Valid Top-5 Acc: 97.31%, Time: 63.12s
2025-05-30 14:33:00,894 - INFO - Epoch 7/30, Train Loss: 0.3412, Train Top-1 Acc: 90.05%, Train Top-5 Acc: 99.22%, Valid Loss: 0.6104, Valid Top-1 Acc: 81.96%, Valid Top-5 Acc: 97.56%, Time: 65.89s
2025-05-30 14:34:10,139 - INFO - Epoch 8/30, Train Loss: 0.2832, Train Top-1 Acc: 91.59%, Train Top-5 Acc: 99.45%, Valid Loss: 0.6271, Valid Top-1 Acc: 82.13%, Valid Top-5 Acc: 97.44%, Time: 69.24s
2025-05-30 14:35:19,226 - INFO - Epoch 9/30, Train Loss: 0.2367, Train Top-1 Acc: 93.03%, Train Top-5 Acc: 99.59%, Valid Loss: 0.6379, Valid Top-1 Acc: 82.41%, Valid Top-5 Acc: 97.36%, Time: 69.09s
2025-05-30 14:36:29,451 - INFO - Epoch 10/30, Train Loss: 0.1917, Train Top-1 Acc: 94.35%, Train Top-5 Acc: 99.75%, Valid Loss: 0.6537, Valid Top-1 Acc: 82.34%, Valid Top-5 Acc: 97.28%, Time: 70.23s
2025-05-30 14:37:38,720 - INFO - Epoch 11/30, Train Loss: 0.1683, Train Top-1 Acc: 94.99%, Train Top-5 Acc: 99.77%, Valid Loss: 0.6656, Valid Top-1 Acc: 82.89%, Valid Top-5 Acc: 97.32%, Time: 69.27s
2025-05-30 14:38:50,789 - INFO - Epoch 12/30, Train Loss: 0.1436, Train Top-1 Acc: 95.78%, Train Top-5 Acc: 99.83%, Valid Loss: 0.6902, Valid Top-1 Acc: 82.62%, Valid Top-5 Acc: 97.41%, Time: 72.07s
2025-05-30 14:39:56,928 - INFO - Epoch 13/30, Train Loss: 0.1249, Train Top-1 Acc: 96.26%, Train Top-5 Acc: 99.86%, Valid Loss: 0.6833, Valid Top-1 Acc: 83.68%, Valid Top-5 Acc: 97.47%, Time: 66.14s
2025-05-30 14:40:59,752 - INFO - Epoch 14/30, Train Loss: 0.1072, Train Top-1 Acc: 96.84%, Train Top-5 Acc: 99.92%, Valid Loss: 0.7017, Valid Top-1 Acc: 83.40%, Valid Top-5 Acc: 97.43%, Time: 62.82s
2025-05-30 14:42:13,340 - INFO - Epoch 15/30, Train Loss: 0.0954, Train Top-1 Acc: 97.11%, Train Top-5 Acc: 99.94%, Valid Loss: 0.7135, Valid Top-1 Acc: 83.43%, Valid Top-5 Acc: 97.38%, Time: 73.59s
2025-05-30 14:43:22,694 - INFO - Epoch 16/30, Train Loss: 0.0842, Train Top-1 Acc: 97.49%, Train Top-5 Acc: 99.95%, Valid Loss: 0.7751, Valid Top-1 Acc: 82.94%, Valid Top-5 Acc: 97.26%, Time: 69.35s
2025-05-30 14:44:30,444 - INFO - Epoch 17/30, Train Loss: 0.0758, Train Top-1 Acc: 97.77%, Train Top-5 Acc: 99.94%, Valid Loss: 0.7789, Valid Top-1 Acc: 83.51%, Valid Top-5 Acc: 97.32%, Time: 67.75s
2025-05-30 14:45:39,438 - INFO - Epoch 18/30, Train Loss: 0.0641, Train Top-1 Acc: 98.11%, Train Top-5 Acc: 99.96%, Valid Loss: 0.8122, Valid Top-1 Acc: 83.02%, Valid Top-5 Acc: 97.22%, Time: 68.99s
2025-05-30 14:46:48,342 - INFO - Epoch 19/30, Train Loss: 0.0638, Train Top-1 Acc: 98.20%, Train Top-5 Acc: 99.97%, Valid Loss: 0.8266, Valid Top-1 Acc: 83.25%, Valid Top-5 Acc: 97.27%, Time: 68.90s
2025-05-30 14:47:57,372 - INFO - Epoch 20/30, Train Loss: 0.0591, Train Top-1 Acc: 98.26%, Train Top-5 Acc: 99.96%, Valid Loss: 0.8383, Valid Top-1 Acc: 83.31%, Valid Top-5 Acc: 97.29%, Time: 69.03s
2025-05-30 14:49:06,274 - INFO - Epoch 21/30, Train Loss: 0.0528, Train Top-1 Acc: 98.48%, Train Top-5 Acc: 99.96%, Valid Loss: 0.8517, Valid Top-1 Acc: 83.44%, Valid Top-5 Acc: 97.26%, Time: 68.90s
2025-05-30 14:50:15,310 - INFO - Epoch 22/30, Train Loss: 0.0497, Train Top-1 Acc: 98.55%, Train Top-5 Acc: 99.98%, Valid Loss: 0.8761, Valid Top-1 Acc: 83.27%, Valid Top-5 Acc: 97.15%, Time: 69.04s
2025-05-30 14:51:23,086 - INFO - Epoch 23/30, Train Loss: 0.0479, Train Top-1 Acc: 98.59%, Train Top-5 Acc: 99.97%, Valid Loss: 0.8785, Valid Top-1 Acc: 83.63%, Valid Top-5 Acc: 97.34%, Time: 67.78s
2025-05-30 14:52:28,826 - INFO - Epoch 24/30, Train Loss: 0.0445, Train Top-1 Acc: 98.59%, Train Top-5 Acc: 99.96%, Valid Loss: 0.9423, Valid Top-1 Acc: 83.01%, Valid Top-5 Acc: 97.01%, Time: 65.74s
2025-05-30 14:53:40,821 - INFO - Epoch 25/30, Train Loss: 0.0410, Train Top-1 Acc: 98.86%, Train Top-5 Acc: 99.97%, Valid Loss: 0.9094, Valid Top-1 Acc: 83.69%, Valid Top-5 Acc: 97.29%, Time: 71.99s
2025-05-30 14:54:51,020 - INFO - Epoch 26/30, Train Loss: 0.0411, Train Top-1 Acc: 98.82%, Train Top-5 Acc: 99.97%, Valid Loss: 0.9194, Valid Top-1 Acc: 83.51%, Valid Top-5 Acc: 97.41%, Time: 70.20s
2025-05-30 14:55:59,894 - INFO - Epoch 27/30, Train Loss: 0.0374, Train Top-1 Acc: 98.94%, Train Top-5 Acc: 99.97%, Valid Loss: 0.9308, Valid Top-1 Acc: 84.05%, Valid Top-5 Acc: 97.16%, Time: 68.87s
2025-05-30 14:57:09,180 - INFO - Epoch 28/30, Train Loss: 0.0364, Train Top-1 Acc: 99.01%, Train Top-5 Acc: 99.97%, Valid Loss: 0.9778, Valid Top-1 Acc: 83.02%, Valid Top-5 Acc: 97.25%, Time: 69.29s
2025-05-30 14:58:18,053 - INFO - Epoch 29/30, Train Loss: 0.0352, Train Top-1 Acc: 98.93%, Train Top-5 Acc: 99.99%, Valid Loss: 0.9780, Valid Top-1 Acc: 83.58%, Valid Top-5 Acc: 97.05%, Time: 68.87s
2025-05-30 14:59:26,873 - INFO - Epoch 30/30, Train Loss: 0.0342, Train Top-1 Acc: 98.98%, Train Top-5 Acc: 99.99%, Valid Loss: 1.0134, Valid Top-1 Acc: 82.97%, Valid Top-5 Acc: 96.85%, Time: 68.82s
2025-05-30 14:59:26,874 - INFO - Training Finished
2025-05-30 14:59:33,266 - INFO - Final Test Results:
2025-05-30 14:59:33,266 - INFO - Test Loss: 1.0029
2025-05-30 14:59:33,266 - INFO - Top-1 Accuracy: 82.89%
2025-05-30 14:59:33,266 - INFO - Top-5 Accuracy: 97.04%
2025-05-30 14:59:34,664 - INFO - Model Saved
