2025-05-30 12:13:47,476 - INFO - Model: convnext_tiny
2025-05-30 12:13:47,476 - INFO - Batch Size: 64
2025-05-30 12:13:47,476 - INFO - Device: cuda
2025-05-30 12:13:47,476 - INFO - Using pretrained: False
2025-05-30 12:13:47,476 - INFO - Input Size: 64x64
2025-05-30 12:13:49,857 - INFO - Starting training...
2025-05-30 12:14:58,786 - INFO - Epoch 1/50, Train Loss: 3.8566, Train Top-1 Acc: 11.50%, Train Top-5 Acc: 32.10%, Valid Loss: 3.4961, Valid Top-1 Acc: 17.14%, Valid Top-5 Acc: 43.03%, Time: 68.93s
2025-05-30 12:16:07,738 - INFO - Epoch 2/50, Train Loss: 3.3374, Train Top-1 Acc: 19.32%, Train Top-5 Acc: 46.84%, Valid Loss: 3.2236, Valid Top-1 Acc: 21.64%, Valid Top-5 Acc: 50.28%, Time: 68.95s
2025-05-30 12:17:16,126 - INFO - Epoch 3/50, Train Loss: 3.1007, Train Top-1 Acc: 23.94%, Train Top-5 Acc: 52.77%, Valid Loss: 2.9961, Valid Top-1 Acc: 25.63%, Valid Top-5 Acc: 55.60%, Time: 68.39s
2025-05-30 12:18:23,533 - INFO - Epoch 4/50, Train Loss: 2.9102, Train Top-1 Acc: 27.51%, Train Top-5 Acc: 57.73%, Valid Loss: 2.9027, Valid Top-1 Acc: 28.28%, Valid Top-5 Acc: 57.64%, Time: 67.41s
2025-05-30 12:19:32,354 - INFO - Epoch 5/50, Train Loss: 2.7211, Train Top-1 Acc: 31.08%, Train Top-5 Acc: 62.05%, Valid Loss: 2.7234, Valid Top-1 Acc: 31.88%, Valid Top-5 Acc: 61.84%, Time: 68.82s
2025-05-30 12:20:42,125 - INFO - Epoch 6/50, Train Loss: 2.5523, Train Top-1 Acc: 34.43%, Train Top-5 Acc: 66.00%, Valid Loss: 2.5936, Valid Top-1 Acc: 34.07%, Valid Top-5 Acc: 65.29%, Time: 69.77s
2025-05-30 12:21:52,013 - INFO - Epoch 7/50, Train Loss: 2.3780, Train Top-1 Acc: 38.01%, Train Top-5 Acc: 69.68%, Valid Loss: 2.4533, Valid Top-1 Acc: 37.19%, Valid Top-5 Acc: 67.53%, Time: 69.89s
2025-05-30 12:23:02,648 - INFO - Epoch 8/50, Train Loss: 2.2119, Train Top-1 Acc: 41.49%, Train Top-5 Acc: 73.16%, Valid Loss: 2.3441, Valid Top-1 Acc: 39.85%, Valid Top-5 Acc: 70.50%, Time: 70.63s
2025-05-30 12:24:17,398 - INFO - Epoch 9/50, Train Loss: 2.0412, Train Top-1 Acc: 45.04%, Train Top-5 Acc: 76.72%, Valid Loss: 2.2804, Valid Top-1 Acc: 41.30%, Valid Top-5 Acc: 71.31%, Time: 74.75s
2025-05-30 12:25:32,501 - INFO - Epoch 10/50, Train Loss: 1.8842, Train Top-1 Acc: 48.54%, Train Top-5 Acc: 79.66%, Valid Loss: 2.1939, Valid Top-1 Acc: 43.51%, Valid Top-5 Acc: 73.57%, Time: 75.10s
2025-05-30 12:26:45,487 - INFO - Epoch 11/50, Train Loss: 1.7299, Train Top-1 Acc: 52.25%, Train Top-5 Acc: 82.37%, Valid Loss: 2.1745, Valid Top-1 Acc: 44.18%, Valid Top-5 Acc: 74.13%, Time: 72.98s
2025-05-30 12:27:57,157 - INFO - Epoch 12/50, Train Loss: 1.5742, Train Top-1 Acc: 55.73%, Train Top-5 Acc: 85.16%, Valid Loss: 2.1732, Valid Top-1 Acc: 45.06%, Valid Top-5 Acc: 74.69%, Time: 71.67s
2025-05-30 12:29:08,905 - INFO - Epoch 13/50, Train Loss: 1.4178, Train Top-1 Acc: 59.38%, Train Top-5 Acc: 87.62%, Valid Loss: 2.1664, Valid Top-1 Acc: 46.46%, Valid Top-5 Acc: 75.22%, Time: 71.75s
2025-05-30 12:30:17,751 - INFO - Epoch 14/50, Train Loss: 1.2644, Train Top-1 Acc: 63.48%, Train Top-5 Acc: 89.89%, Valid Loss: 2.1626, Valid Top-1 Acc: 46.75%, Valid Top-5 Acc: 76.40%, Time: 68.85s
2025-05-30 12:31:26,592 - INFO - Epoch 15/50, Train Loss: 1.1018, Train Top-1 Acc: 67.61%, Train Top-5 Acc: 92.17%, Valid Loss: 2.1669, Valid Top-1 Acc: 48.22%, Valid Top-5 Acc: 76.51%, Time: 68.84s
2025-05-30 12:32:38,253 - INFO - Epoch 16/50, Train Loss: 0.9611, Train Top-1 Acc: 71.37%, Train Top-5 Acc: 94.12%, Valid Loss: 2.3073, Valid Top-1 Acc: 47.13%, Valid Top-5 Acc: 75.76%, Time: 71.66s
2025-05-30 12:33:48,927 - INFO - Epoch 17/50, Train Loss: 0.8384, Train Top-1 Acc: 74.67%, Train Top-5 Acc: 95.48%, Valid Loss: 2.3223, Valid Top-1 Acc: 47.88%, Valid Top-5 Acc: 76.43%, Time: 70.67s
2025-05-30 12:35:03,389 - INFO - Epoch 18/50, Train Loss: 0.7297, Train Top-1 Acc: 77.65%, Train Top-5 Acc: 96.62%, Valid Loss: 2.4376, Valid Top-1 Acc: 47.30%, Valid Top-5 Acc: 75.85%, Time: 74.46s
2025-05-30 12:36:13,873 - INFO - Epoch 19/50, Train Loss: 0.6289, Train Top-1 Acc: 80.68%, Train Top-5 Acc: 97.39%, Valid Loss: 2.4646, Valid Top-1 Acc: 47.85%, Valid Top-5 Acc: 76.12%, Time: 70.48s
2025-05-30 12:37:22,117 - INFO - Epoch 20/50, Train Loss: 0.5496, Train Top-1 Acc: 82.80%, Train Top-5 Acc: 98.04%, Valid Loss: 2.5602, Valid Top-1 Acc: 48.36%, Valid Top-5 Acc: 75.95%, Time: 68.24s
2025-05-30 12:38:30,145 - INFO - Epoch 21/50, Train Loss: 0.4809, Train Top-1 Acc: 84.95%, Train Top-5 Acc: 98.54%, Valid Loss: 2.6319, Valid Top-1 Acc: 48.41%, Valid Top-5 Acc: 75.83%, Time: 68.03s
2025-05-30 12:39:41,650 - INFO - Epoch 22/50, Train Loss: 0.4379, Train Top-1 Acc: 86.14%, Train Top-5 Acc: 98.73%, Valid Loss: 2.6208, Valid Top-1 Acc: 48.80%, Valid Top-5 Acc: 76.30%, Time: 71.50s
2025-05-30 12:40:56,302 - INFO - Epoch 23/50, Train Loss: 0.3909, Train Top-1 Acc: 87.66%, Train Top-5 Acc: 99.07%, Valid Loss: 2.7558, Valid Top-1 Acc: 47.99%, Valid Top-5 Acc: 75.53%, Time: 74.65s
2025-05-30 12:42:08,575 - INFO - Epoch 24/50, Train Loss: 0.3529, Train Top-1 Acc: 88.75%, Train Top-5 Acc: 99.17%, Valid Loss: 2.8611, Valid Top-1 Acc: 48.02%, Valid Top-5 Acc: 74.83%, Time: 72.27s
2025-05-30 12:43:17,521 - INFO - Epoch 25/50, Train Loss: 0.3350, Train Top-1 Acc: 89.23%, Train Top-5 Acc: 99.27%, Valid Loss: 2.8146, Valid Top-1 Acc: 47.99%, Valid Top-5 Acc: 75.73%, Time: 68.94s
2025-05-30 12:44:27,535 - INFO - Epoch 26/50, Train Loss: 0.3112, Train Top-1 Acc: 90.00%, Train Top-5 Acc: 99.33%, Valid Loss: 2.8904, Valid Top-1 Acc: 48.61%, Valid Top-5 Acc: 75.77%, Time: 70.01s
2025-05-30 12:45:41,753 - INFO - Epoch 27/50, Train Loss: 0.2871, Train Top-1 Acc: 90.86%, Train Top-5 Acc: 99.45%, Valid Loss: 2.9436, Valid Top-1 Acc: 48.08%, Valid Top-5 Acc: 75.15%, Time: 74.22s
2025-05-30 12:46:55,968 - INFO - Epoch 28/50, Train Loss: 0.2717, Train Top-1 Acc: 91.22%, Train Top-5 Acc: 99.45%, Valid Loss: 3.0125, Valid Top-1 Acc: 47.87%, Valid Top-5 Acc: 75.44%, Time: 74.21s
2025-05-30 12:48:04,601 - INFO - Epoch 29/50, Train Loss: 0.2576, Train Top-1 Acc: 91.83%, Train Top-5 Acc: 99.50%, Valid Loss: 2.9880, Valid Top-1 Acc: 48.26%, Valid Top-5 Acc: 75.17%, Time: 68.63s
2025-05-30 12:49:07,635 - INFO - Epoch 30/50, Train Loss: 0.2519, Train Top-1 Acc: 91.87%, Train Top-5 Acc: 99.51%, Valid Loss: 2.9576, Valid Top-1 Acc: 48.83%, Valid Top-5 Acc: 75.67%, Time: 63.03s
2025-05-30 12:50:05,439 - INFO - Epoch 31/50, Train Loss: 0.2437, Train Top-1 Acc: 92.21%, Train Top-5 Acc: 99.56%, Valid Loss: 3.0435, Valid Top-1 Acc: 48.02%, Valid Top-5 Acc: 74.99%, Time: 57.80s
2025-05-30 12:51:15,925 - INFO - Epoch 32/50, Train Loss: 0.2300, Train Top-1 Acc: 92.65%, Train Top-5 Acc: 99.58%, Valid Loss: 3.0759, Valid Top-1 Acc: 48.26%, Valid Top-5 Acc: 74.88%, Time: 70.49s
2025-05-30 12:52:18,291 - INFO - Epoch 33/50, Train Loss: 0.2269, Train Top-1 Acc: 92.75%, Train Top-5 Acc: 99.59%, Valid Loss: 3.0443, Valid Top-1 Acc: 48.30%, Valid Top-5 Acc: 75.66%, Time: 62.37s
2025-05-30 12:53:25,845 - INFO - Epoch 34/50, Train Loss: 0.2075, Train Top-1 Acc: 93.50%, Train Top-5 Acc: 99.61%, Valid Loss: 3.0372, Valid Top-1 Acc: 48.60%, Valid Top-5 Acc: 75.19%, Time: 67.55s
2025-05-30 12:54:33,667 - INFO - Epoch 35/50, Train Loss: 0.2105, Train Top-1 Acc: 93.22%, Train Top-5 Acc: 99.65%, Valid Loss: 3.0837, Valid Top-1 Acc: 48.44%, Valid Top-5 Acc: 74.94%, Time: 67.82s
2025-05-30 12:55:41,743 - INFO - Epoch 36/50, Train Loss: 0.2046, Train Top-1 Acc: 93.58%, Train Top-5 Acc: 99.64%, Valid Loss: 3.1083, Valid Top-1 Acc: 48.31%, Valid Top-5 Acc: 74.85%, Time: 68.08s
2025-05-30 12:56:49,778 - INFO - Epoch 37/50, Train Loss: 0.2013, Train Top-1 Acc: 93.71%, Train Top-5 Acc: 99.66%, Valid Loss: 3.0957, Valid Top-1 Acc: 48.47%, Valid Top-5 Acc: 75.02%, Time: 68.03s
2025-05-30 12:57:57,719 - INFO - Epoch 38/50, Train Loss: 0.1894, Train Top-1 Acc: 94.07%, Train Top-5 Acc: 99.67%, Valid Loss: 3.1149, Valid Top-1 Acc: 49.11%, Valid Top-5 Acc: 75.44%, Time: 67.94s
2025-05-30 12:59:05,861 - INFO - Epoch 39/50, Train Loss: 0.1867, Train Top-1 Acc: 94.17%, Train Top-5 Acc: 99.73%, Valid Loss: 3.1358, Valid Top-1 Acc: 48.62%, Valid Top-5 Acc: 74.81%, Time: 68.14s
2025-05-30 13:00:13,923 - INFO - Epoch 40/50, Train Loss: 0.1757, Train Top-1 Acc: 94.50%, Train Top-5 Acc: 99.72%, Valid Loss: 3.1343, Valid Top-1 Acc: 48.67%, Valid Top-5 Acc: 75.64%, Time: 68.06s
2025-05-30 13:01:22,596 - INFO - Epoch 41/50, Train Loss: 0.1782, Train Top-1 Acc: 94.31%, Train Top-5 Acc: 99.70%, Valid Loss: 3.1228, Valid Top-1 Acc: 48.64%, Valid Top-5 Acc: 74.80%, Time: 68.67s
2025-05-30 13:02:35,543 - INFO - Epoch 42/50, Train Loss: 0.1679, Train Top-1 Acc: 94.72%, Train Top-5 Acc: 99.73%, Valid Loss: 3.1835, Valid Top-1 Acc: 48.44%, Valid Top-5 Acc: 74.66%, Time: 72.95s
2025-05-30 13:03:38,894 - INFO - Epoch 43/50, Train Loss: 0.1676, Train Top-1 Acc: 94.74%, Train Top-5 Acc: 99.76%, Valid Loss: 3.1856, Valid Top-1 Acc: 49.28%, Valid Top-5 Acc: 75.07%, Time: 63.35s
2025-05-30 13:04:44,494 - INFO - Epoch 44/50, Train Loss: 0.1627, Train Top-1 Acc: 94.83%, Train Top-5 Acc: 99.76%, Valid Loss: 3.1824, Valid Top-1 Acc: 48.57%, Valid Top-5 Acc: 75.18%, Time: 65.60s
2025-05-30 13:05:53,740 - INFO - Epoch 45/50, Train Loss: 0.1564, Train Top-1 Acc: 95.09%, Train Top-5 Acc: 99.79%, Valid Loss: 3.1873, Valid Top-1 Acc: 49.12%, Valid Top-5 Acc: 74.45%, Time: 69.24s
2025-05-30 13:07:01,716 - INFO - Epoch 46/50, Train Loss: 0.1584, Train Top-1 Acc: 95.07%, Train Top-5 Acc: 99.79%, Valid Loss: 3.2198, Valid Top-1 Acc: 48.28%, Valid Top-5 Acc: 74.59%, Time: 67.98s
2025-05-30 13:08:06,966 - INFO - Epoch 47/50, Train Loss: 0.1524, Train Top-1 Acc: 95.18%, Train Top-5 Acc: 99.79%, Valid Loss: 3.2275, Valid Top-1 Acc: 48.20%, Valid Top-5 Acc: 74.99%, Time: 65.25s
2025-05-30 13:09:15,190 - INFO - Epoch 48/50, Train Loss: 0.1549, Train Top-1 Acc: 95.13%, Train Top-5 Acc: 99.72%, Valid Loss: 3.2936, Valid Top-1 Acc: 48.18%, Valid Top-5 Acc: 74.41%, Time: 68.22s
2025-05-30 13:10:23,127 - INFO - Epoch 49/50, Train Loss: 0.1521, Train Top-1 Acc: 95.20%, Train Top-5 Acc: 99.77%, Valid Loss: 3.2478, Valid Top-1 Acc: 48.53%, Valid Top-5 Acc: 74.15%, Time: 67.94s
2025-05-30 13:11:31,345 - INFO - Epoch 50/50, Train Loss: 0.1444, Train Top-1 Acc: 95.53%, Train Top-5 Acc: 99.81%, Valid Loss: 3.1986, Valid Top-1 Acc: 49.26%, Valid Top-5 Acc: 75.01%, Time: 68.22s
2025-05-30 13:11:31,346 - INFO - Training Finished
2025-05-30 13:11:37,745 - INFO - Final Test Results:
2025-05-30 13:11:37,745 - INFO - Test Loss: 3.2124
2025-05-30 13:11:37,746 - INFO - Top-1 Accuracy: 48.80%
2025-05-30 13:11:37,746 - INFO - Top-5 Accuracy: 74.68%
2025-05-30 13:11:39,132 - INFO - Model Saved
