2025-06-03 14:52:18,066 - INFO - Model: cnn_LSK_SplitNet
2025-06-03 14:52:18,067 - INFO - Batch Size: 64
2025-06-03 14:52:18,067 - INFO - Device: cuda
2025-06-03 14:52:19,959 - INFO - Starting training...
2025-06-03 14:54:14,124 - INFO - Epoch 1/30, Train Loss: 3.4801, Train Top-1 Acc: 17.68%, Train Top-5 Acc: 44.05%, Valid Loss: 2.7165, Valid Top-1 Acc: 30.88%, Valid Top-5 Acc: 63.62%, Time: 114.16s
2025-06-03 14:56:07,393 - INFO - Epoch 2/30, Train Loss: 2.5643, Train Top-1 Acc: 34.65%, Train Top-5 Acc: 66.93%, Valid Loss: 2.2269, Valid Top-1 Acc: 40.52%, Valid Top-5 Acc: 73.78%, Time: 113.27s
2025-06-03 14:58:01,462 - INFO - Epoch 3/30, Train Loss: 2.0849, Train Top-1 Acc: 44.62%, Train Top-5 Acc: 76.82%, Valid Loss: 1.9368, Valid Top-1 Acc: 46.97%, Valid Top-5 Acc: 79.08%, Time: 114.07s
2025-06-03 14:59:55,112 - INFO - Epoch 4/30, Train Loss: 1.7117, Train Top-1 Acc: 52.81%, Train Top-5 Acc: 83.40%, Valid Loss: 1.7186, Valid Top-1 Acc: 52.42%, Valid Top-5 Acc: 82.34%, Time: 113.65s
2025-06-03 15:01:49,328 - INFO - Epoch 5/30, Train Loss: 1.3730, Train Top-1 Acc: 60.88%, Train Top-5 Acc: 88.65%, Valid Loss: 1.5749, Valid Top-1 Acc: 56.20%, Valid Top-5 Acc: 85.16%, Time: 114.22s
2025-06-03 15:03:42,920 - INFO - Epoch 6/30, Train Loss: 1.0442, Train Top-1 Acc: 69.60%, Train Top-5 Acc: 93.05%, Valid Loss: 1.5401, Valid Top-1 Acc: 57.76%, Valid Top-5 Acc: 85.78%, Time: 113.59s
2025-06-03 15:05:36,592 - INFO - Epoch 7/30, Train Loss: 0.7311, Train Top-1 Acc: 78.15%, Train Top-5 Acc: 96.51%, Valid Loss: 1.5993, Valid Top-1 Acc: 57.43%, Valid Top-5 Acc: 85.23%, Time: 113.67s
2025-06-03 15:07:30,543 - INFO - Epoch 8/30, Train Loss: 0.4890, Train Top-1 Acc: 85.42%, Train Top-5 Acc: 98.39%, Valid Loss: 1.7088, Valid Top-1 Acc: 58.18%, Valid Top-5 Acc: 85.66%, Time: 113.95s
2025-06-03 15:09:24,150 - INFO - Epoch 9/30, Train Loss: 0.3354, Train Top-1 Acc: 89.86%, Train Top-5 Acc: 99.25%, Valid Loss: 1.8812, Valid Top-1 Acc: 57.81%, Valid Top-5 Acc: 84.78%, Time: 113.61s
2025-06-03 15:11:17,223 - INFO - Epoch 10/30, Train Loss: 0.2527, Train Top-1 Acc: 92.43%, Train Top-5 Acc: 99.51%, Valid Loss: 2.0083, Valid Top-1 Acc: 57.30%, Valid Top-5 Acc: 84.43%, Time: 113.07s
2025-06-03 15:13:10,575 - INFO - Epoch 11/30, Train Loss: 0.2035, Train Top-1 Acc: 94.08%, Train Top-5 Acc: 99.61%, Valid Loss: 2.0851, Valid Top-1 Acc: 57.27%, Valid Top-5 Acc: 84.51%, Time: 113.35s
2025-06-03 15:15:04,080 - INFO - Epoch 12/30, Train Loss: 0.1719, Train Top-1 Acc: 94.79%, Train Top-5 Acc: 99.73%, Valid Loss: 2.1474, Valid Top-1 Acc: 58.10%, Valid Top-5 Acc: 84.51%, Time: 113.50s
2025-06-03 15:16:57,857 - INFO - Epoch 13/30, Train Loss: 0.1516, Train Top-1 Acc: 95.30%, Train Top-5 Acc: 99.74%, Valid Loss: 2.3202, Valid Top-1 Acc: 58.05%, Valid Top-5 Acc: 83.81%, Time: 113.78s
2025-06-03 15:18:52,183 - INFO - Epoch 14/30, Train Loss: 0.1395, Train Top-1 Acc: 95.71%, Train Top-5 Acc: 99.79%, Valid Loss: 2.3184, Valid Top-1 Acc: 58.36%, Valid Top-5 Acc: 84.04%, Time: 114.33s
2025-06-03 15:20:54,375 - INFO - Epoch 15/30, Train Loss: 0.1256, Train Top-1 Acc: 96.25%, Train Top-5 Acc: 99.81%, Valid Loss: 2.4863, Valid Top-1 Acc: 56.72%, Valid Top-5 Acc: 83.88%, Time: 122.19s
2025-06-03 15:22:50,758 - INFO - Epoch 16/30, Train Loss: 0.1147, Train Top-1 Acc: 96.60%, Train Top-5 Acc: 99.81%, Valid Loss: 2.4491, Valid Top-1 Acc: 56.68%, Valid Top-5 Acc: 83.74%, Time: 116.38s
2025-06-03 15:24:44,547 - INFO - Epoch 17/30, Train Loss: 0.1073, Train Top-1 Acc: 96.73%, Train Top-5 Acc: 99.87%, Valid Loss: 2.5638, Valid Top-1 Acc: 57.24%, Valid Top-5 Acc: 83.50%, Time: 113.79s
2025-06-03 15:26:43,504 - INFO - Epoch 18/30, Train Loss: 0.1040, Train Top-1 Acc: 96.83%, Train Top-5 Acc: 99.84%, Valid Loss: 2.5200, Valid Top-1 Acc: 57.11%, Valid Top-5 Acc: 83.87%, Time: 118.96s
2025-06-03 15:28:51,941 - INFO - Epoch 19/30, Train Loss: 0.0972, Train Top-1 Acc: 97.02%, Train Top-5 Acc: 99.91%, Valid Loss: 2.5118, Valid Top-1 Acc: 57.62%, Valid Top-5 Acc: 83.01%, Time: 128.44s
2025-06-03 15:30:55,627 - INFO - Epoch 20/30, Train Loss: 0.0942, Train Top-1 Acc: 97.10%, Train Top-5 Acc: 99.87%, Valid Loss: 2.6296, Valid Top-1 Acc: 57.27%, Valid Top-5 Acc: 83.25%, Time: 123.69s
2025-06-03 15:32:54,838 - INFO - Epoch 21/30, Train Loss: 0.0853, Train Top-1 Acc: 97.36%, Train Top-5 Acc: 99.89%, Valid Loss: 2.6836, Valid Top-1 Acc: 57.58%, Valid Top-5 Acc: 83.78%, Time: 119.21s
2025-06-03 15:34:48,517 - INFO - Epoch 22/30, Train Loss: 0.0828, Train Top-1 Acc: 97.47%, Train Top-5 Acc: 99.89%, Valid Loss: 2.7988, Valid Top-1 Acc: 57.40%, Valid Top-5 Acc: 83.46%, Time: 113.68s
2025-06-03 15:36:45,066 - INFO - Epoch 23/30, Train Loss: 0.0801, Train Top-1 Acc: 97.57%, Train Top-5 Acc: 99.89%, Valid Loss: 2.6785, Valid Top-1 Acc: 57.65%, Valid Top-5 Acc: 84.00%, Time: 116.55s
2025-06-03 15:38:41,999 - INFO - Epoch 24/30, Train Loss: 0.0734, Train Top-1 Acc: 97.68%, Train Top-5 Acc: 99.92%, Valid Loss: 2.7814, Valid Top-1 Acc: 56.74%, Valid Top-5 Acc: 83.42%, Time: 116.93s
2025-06-03 15:40:38,846 - INFO - Epoch 25/30, Train Loss: 0.0706, Train Top-1 Acc: 97.85%, Train Top-5 Acc: 99.89%, Valid Loss: 2.8873, Valid Top-1 Acc: 56.80%, Valid Top-5 Acc: 83.39%, Time: 116.85s
2025-06-03 15:45:09,425 - INFO - Epoch 26/30, Train Loss: 0.0718, Train Top-1 Acc: 97.78%, Train Top-5 Acc: 99.91%, Valid Loss: 2.9624, Valid Top-1 Acc: 56.76%, Valid Top-5 Acc: 82.80%, Time: 270.58s
2025-06-03 15:50:07,375 - INFO - Epoch 27/30, Train Loss: 0.0697, Train Top-1 Acc: 97.92%, Train Top-5 Acc: 99.90%, Valid Loss: 2.8855, Valid Top-1 Acc: 57.18%, Valid Top-5 Acc: 83.07%, Time: 297.95s
2025-06-03 15:54:58,301 - INFO - Epoch 28/30, Train Loss: 0.0650, Train Top-1 Acc: 98.02%, Train Top-5 Acc: 99.89%, Valid Loss: 3.0223, Valid Top-1 Acc: 56.79%, Valid Top-5 Acc: 82.92%, Time: 290.92s
2025-06-03 15:59:47,641 - INFO - Epoch 29/30, Train Loss: 0.0659, Train Top-1 Acc: 98.06%, Train Top-5 Acc: 99.90%, Valid Loss: 2.9642, Valid Top-1 Acc: 56.65%, Valid Top-5 Acc: 83.04%, Time: 289.34s
2025-06-03 16:04:35,374 - INFO - Epoch 30/30, Train Loss: 0.0636, Train Top-1 Acc: 98.10%, Train Top-5 Acc: 99.94%, Valid Loss: 2.9930, Valid Top-1 Acc: 56.17%, Valid Top-5 Acc: 82.80%, Time: 287.73s
2025-06-03 16:04:35,374 - INFO - Training Finished
2025-06-03 16:04:38,843 - INFO - Final Test Results:
2025-06-03 16:04:38,843 - INFO - Test Loss: 2.9930
2025-06-03 16:04:38,843 - INFO - Top-1 Accuracy: 56.17%
2025-06-03 16:04:38,843 - INFO - Top-5 Accuracy: 82.80%
2025-06-03 16:04:38,917 - INFO - Model Saved
