2025-06-03 13:56:31,951 - INFO - Model: hornet_tiny
2025-06-03 13:56:31,951 - INFO - Batch Size: 64
2025-06-03 13:56:31,951 - INFO - Device: cuda
2025-06-03 13:56:31,951 - INFO - HorNet model variant: hornet_tiny
2025-06-03 13:56:31,951 - INFO - Using AdamW optimizer with weight decay 0.05
2025-06-03 13:56:31,951 - INFO - Input Size: 32x32
2025-06-03 13:56:33,798 - INFO - Starting training...
2025-06-03 14:02:55,560 - INFO - Epoch 1/30, Train Loss: 3.8406, Train Top-1 Acc: 11.26%, Train Top-5 Acc: 31.79%, Valid Loss: 3.1629, Valid Top-1 Acc: 22.03%, Valid Top-5 Acc: 51.15%, Time: 381.76s
2025-06-03 14:08:58,124 - INFO - Epoch 2/30, Train Loss: 2.9219, Train Top-1 Acc: 26.46%, Train Top-5 Acc: 57.11%, Valid Loss: 2.6712, Valid Top-1 Acc: 31.41%, Valid Top-5 Acc: 63.16%, Time: 362.56s
2025-06-03 14:15:16,722 - INFO - Epoch 3/30, Train Loss: 2.4926, Train Top-1 Acc: 34.82%, Train Top-5 Acc: 67.17%, Valid Loss: 2.2752, Valid Top-1 Acc: 39.55%, Valid Top-5 Acc: 71.44%, Time: 378.60s
2025-06-03 14:21:40,595 - INFO - Epoch 4/30, Train Loss: 2.2093, Train Top-1 Acc: 41.00%, Train Top-5 Acc: 73.25%, Valid Loss: 2.1170, Valid Top-1 Acc: 43.77%, Valid Top-5 Acc: 74.62%, Time: 383.87s
2025-06-03 14:27:53,294 - INFO - Epoch 5/30, Train Loss: 1.9988, Train Top-1 Acc: 45.84%, Train Top-5 Acc: 77.30%, Valid Loss: 1.9477, Valid Top-1 Acc: 47.20%, Valid Top-5 Acc: 78.27%, Time: 372.70s
2025-06-03 14:34:12,042 - INFO - Epoch 6/30, Train Loss: 1.8453, Train Top-1 Acc: 49.37%, Train Top-5 Acc: 80.18%, Valid Loss: 1.8466, Valid Top-1 Acc: 50.24%, Valid Top-5 Acc: 80.13%, Time: 378.75s
2025-06-03 14:40:23,841 - INFO - Epoch 7/30, Train Loss: 1.7064, Train Top-1 Acc: 52.62%, Train Top-5 Acc: 82.64%, Valid Loss: 1.8179, Valid Top-1 Acc: 50.86%, Valid Top-5 Acc: 80.81%, Time: 371.80s
2025-06-03 14:46:26,797 - INFO - Epoch 8/30, Train Loss: 1.5907, Train Top-1 Acc: 55.34%, Train Top-5 Acc: 84.51%, Valid Loss: 1.7446, Valid Top-1 Acc: 52.26%, Valid Top-5 Acc: 81.92%, Time: 362.96s
2025-06-03 14:52:40,079 - INFO - Epoch 9/30, Train Loss: 1.4897, Train Top-1 Acc: 57.86%, Train Top-5 Acc: 86.28%, Valid Loss: 1.6926, Valid Top-1 Acc: 54.23%, Valid Top-5 Acc: 82.89%, Time: 373.28s
2025-06-03 14:58:53,658 - INFO - Epoch 10/30, Train Loss: 1.4011, Train Top-1 Acc: 59.84%, Train Top-5 Acc: 87.67%, Valid Loss: 1.6376, Valid Top-1 Acc: 56.03%, Valid Top-5 Acc: 83.62%, Time: 373.58s
2025-06-03 15:05:10,470 - INFO - Epoch 11/30, Train Loss: 1.3125, Train Top-1 Acc: 62.03%, Train Top-5 Acc: 89.10%, Valid Loss: 1.6530, Valid Top-1 Acc: 55.68%, Valid Top-5 Acc: 83.80%, Time: 376.81s
2025-06-03 15:11:20,474 - INFO - Epoch 12/30, Train Loss: 1.2411, Train Top-1 Acc: 63.99%, Train Top-5 Acc: 89.93%, Valid Loss: 1.6574, Valid Top-1 Acc: 55.63%, Valid Top-5 Acc: 84.02%, Time: 370.00s
2025-06-03 15:17:42,208 - INFO - Epoch 13/30, Train Loss: 1.1676, Train Top-1 Acc: 65.88%, Train Top-5 Acc: 91.22%, Valid Loss: 1.5933, Valid Top-1 Acc: 57.07%, Valid Top-5 Acc: 84.78%, Time: 381.73s
2025-06-03 15:23:46,586 - INFO - Epoch 14/30, Train Loss: 1.0962, Train Top-1 Acc: 67.73%, Train Top-5 Acc: 92.09%, Valid Loss: 1.5943, Valid Top-1 Acc: 57.79%, Valid Top-5 Acc: 85.05%, Time: 364.38s
2025-06-03 15:30:04,210 - INFO - Epoch 15/30, Train Loss: 1.0404, Train Top-1 Acc: 69.15%, Train Top-5 Acc: 92.87%, Valid Loss: 1.5868, Valid Top-1 Acc: 58.56%, Valid Top-5 Acc: 85.24%, Time: 377.62s
2025-06-03 15:36:24,658 - INFO - Epoch 16/30, Train Loss: 0.9776, Train Top-1 Acc: 70.77%, Train Top-5 Acc: 93.65%, Valid Loss: 1.5928, Valid Top-1 Acc: 58.87%, Valid Top-5 Acc: 85.72%, Time: 380.45s
2025-06-03 15:42:46,073 - INFO - Epoch 17/30, Train Loss: 0.9233, Train Top-1 Acc: 72.14%, Train Top-5 Acc: 94.07%, Valid Loss: 1.6298, Valid Top-1 Acc: 58.06%, Valid Top-5 Acc: 85.26%, Time: 381.42s
2025-06-03 15:49:04,004 - INFO - Epoch 18/30, Train Loss: 0.8697, Train Top-1 Acc: 73.51%, Train Top-5 Acc: 94.74%, Valid Loss: 1.6211, Valid Top-1 Acc: 59.36%, Valid Top-5 Acc: 85.64%, Time: 377.93s
2025-06-03 15:55:32,404 - INFO - Epoch 19/30, Train Loss: 0.8306, Train Top-1 Acc: 74.78%, Train Top-5 Acc: 95.20%, Valid Loss: 1.6083, Valid Top-1 Acc: 59.55%, Valid Top-5 Acc: 85.21%, Time: 388.40s
2025-06-03 16:01:51,392 - INFO - Epoch 20/30, Train Loss: 0.7740, Train Top-1 Acc: 76.20%, Train Top-5 Acc: 95.89%, Valid Loss: 1.6458, Valid Top-1 Acc: 59.65%, Valid Top-5 Acc: 85.43%, Time: 378.99s
2025-06-03 16:08:17,923 - INFO - Epoch 21/30, Train Loss: 0.7427, Train Top-1 Acc: 76.95%, Train Top-5 Acc: 96.14%, Valid Loss: 1.6688, Valid Top-1 Acc: 59.81%, Valid Top-5 Acc: 85.62%, Time: 386.53s
2025-06-03 16:14:43,609 - INFO - Epoch 22/30, Train Loss: 0.6872, Train Top-1 Acc: 78.55%, Train Top-5 Acc: 96.70%, Valid Loss: 1.6859, Valid Top-1 Acc: 59.47%, Valid Top-5 Acc: 85.85%, Time: 385.69s
2025-06-03 16:21:28,681 - INFO - Epoch 23/30, Train Loss: 0.6719, Train Top-1 Acc: 78.94%, Train Top-5 Acc: 96.80%, Valid Loss: 1.6734, Valid Top-1 Acc: 59.89%, Valid Top-5 Acc: 86.15%, Time: 405.07s
2025-06-03 16:27:47,621 - INFO - Epoch 24/30, Train Loss: 0.6324, Train Top-1 Acc: 80.28%, Train Top-5 Acc: 97.25%, Valid Loss: 1.6914, Valid Top-1 Acc: 60.27%, Valid Top-5 Acc: 85.73%, Time: 378.94s
2025-06-03 16:34:05,744 - INFO - Epoch 25/30, Train Loss: 0.5975, Train Top-1 Acc: 80.99%, Train Top-5 Acc: 97.47%, Valid Loss: 1.7541, Valid Top-1 Acc: 59.96%, Valid Top-5 Acc: 86.10%, Time: 378.12s
2025-06-03 16:40:15,927 - INFO - Epoch 26/30, Train Loss: 0.5723, Train Top-1 Acc: 81.81%, Train Top-5 Acc: 97.66%, Valid Loss: 1.7722, Valid Top-1 Acc: 60.31%, Valid Top-5 Acc: 86.42%, Time: 370.18s
2025-06-03 16:46:25,698 - INFO - Epoch 27/30, Train Loss: 0.5454, Train Top-1 Acc: 82.58%, Train Top-5 Acc: 97.89%, Valid Loss: 1.7727, Valid Top-1 Acc: 60.56%, Valid Top-5 Acc: 85.98%, Time: 369.77s
2025-06-03 16:52:49,077 - INFO - Epoch 28/30, Train Loss: 0.5111, Train Top-1 Acc: 83.81%, Train Top-5 Acc: 98.03%, Valid Loss: 1.7855, Valid Top-1 Acc: 61.07%, Valid Top-5 Acc: 86.34%, Time: 383.38s
2025-06-03 16:59:08,340 - INFO - Epoch 29/30, Train Loss: 0.4967, Train Top-1 Acc: 84.13%, Train Top-5 Acc: 98.24%, Valid Loss: 1.8260, Valid Top-1 Acc: 60.35%, Valid Top-5 Acc: 86.10%, Time: 379.26s
2025-06-03 17:05:24,697 - INFO - Epoch 30/30, Train Loss: 0.4779, Train Top-1 Acc: 84.80%, Train Top-5 Acc: 98.20%, Valid Loss: 1.8177, Valid Top-1 Acc: 60.35%, Valid Top-5 Acc: 86.09%, Time: 376.36s
2025-06-03 17:05:24,697 - INFO - Training Finished
2025-06-03 17:05:34,526 - INFO - Final Test Results:
2025-06-03 17:05:34,526 - INFO - Test Loss: 1.8168
2025-06-03 17:05:34,526 - INFO - Top-1 Accuracy: 60.73%
2025-06-03 17:05:34,526 - INFO - Top-5 Accuracy: 86.14%
2025-06-03 17:05:34,740 - INFO - Model Saved
