2025-05-30 23:41:58,708 - INFO - Model: hornet_tiny
2025-05-30 23:41:58,709 - INFO - Batch Size: 64
2025-05-30 23:41:58,709 - INFO - Device: cuda
2025-05-30 23:41:58,709 - INFO - HorNet model variant: hornet_tiny
2025-05-30 23:41:58,709 - INFO - Using AdamW optimizer with weight decay 0.05
2025-05-30 23:41:58,709 - INFO - Input Size: 32x32
2025-05-30 23:42:00,157 - INFO - Starting training...
2025-05-30 23:47:58,469 - INFO - Epoch 1/30, Train Loss: 4.1992, Train Top-1 Acc: 6.02%, Train Top-5 Acc: 20.96%, Valid Loss: 3.9371, Valid Top-1 Acc: 9.70%, Valid Top-5 Acc: 29.72%, Time: 358.31s
2025-05-30 23:53:49,867 - INFO - Epoch 2/30, Train Loss: 3.6877, Train Top-1 Acc: 13.48%, Train Top-5 Acc: 37.24%, Valid Loss: 3.4715, Valid Top-1 Acc: 17.63%, Valid Top-5 Acc: 43.83%, Time: 351.40s
2025-05-30 23:59:48,142 - INFO - Epoch 3/30, Train Loss: 3.3058, Train Top-1 Acc: 20.74%, Train Top-5 Acc: 48.55%, Valid Loss: 3.1351, Valid Top-1 Acc: 24.25%, Valid Top-5 Acc: 53.64%, Time: 358.28s
2025-05-31 00:05:48,148 - INFO - Epoch 4/30, Train Loss: 3.0043, Train Top-1 Acc: 26.89%, Train Top-5 Acc: 56.39%, Valid Loss: 2.8607, Valid Top-1 Acc: 29.79%, Valid Top-5 Acc: 59.27%, Time: 360.01s
2025-05-31 00:11:58,981 - INFO - Epoch 5/30, Train Loss: 2.7341, Train Top-1 Acc: 31.89%, Train Top-5 Acc: 62.87%, Valid Loss: 2.5835, Valid Top-1 Acc: 34.54%, Valid Top-5 Acc: 65.98%, Time: 370.83s
2025-05-31 00:18:03,350 - INFO - Epoch 6/30, Train Loss: 2.5027, Train Top-1 Acc: 36.26%, Train Top-5 Acc: 67.84%, Valid Loss: 2.3980, Valid Top-1 Acc: 38.32%, Valid Top-5 Acc: 69.80%, Time: 364.37s
2025-05-31 00:24:41,666 - INFO - Epoch 7/30, Train Loss: 2.3173, Train Top-1 Acc: 40.32%, Train Top-5 Acc: 71.87%, Valid Loss: 2.2500, Valid Top-1 Acc: 41.19%, Valid Top-5 Acc: 72.57%, Time: 398.32s
2025-05-31 00:31:01,842 - INFO - Epoch 8/30, Train Loss: 2.1637, Train Top-1 Acc: 43.48%, Train Top-5 Acc: 74.68%, Valid Loss: 2.1186, Valid Top-1 Acc: 44.45%, Valid Top-5 Acc: 75.08%, Time: 380.18s
2025-05-31 00:37:08,325 - INFO - Epoch 9/30, Train Loss: 2.0293, Train Top-1 Acc: 46.64%, Train Top-5 Acc: 77.25%, Valid Loss: 2.0535, Valid Top-1 Acc: 45.15%, Valid Top-5 Acc: 76.36%, Time: 366.48s
2025-05-31 00:43:05,553 - INFO - Epoch 10/30, Train Loss: 1.9053, Train Top-1 Acc: 49.22%, Train Top-5 Acc: 79.57%, Valid Loss: 1.9367, Valid Top-1 Acc: 48.15%, Valid Top-5 Acc: 78.27%, Time: 357.23s
2025-05-31 00:49:00,805 - INFO - Epoch 11/30, Train Loss: 1.8076, Train Top-1 Acc: 51.49%, Train Top-5 Acc: 81.22%, Valid Loss: 1.8912, Valid Top-1 Acc: 49.43%, Valid Top-5 Acc: 79.13%, Time: 355.25s
2025-05-31 00:54:55,467 - INFO - Epoch 12/30, Train Loss: 1.7141, Train Top-1 Acc: 53.58%, Train Top-5 Acc: 83.04%, Valid Loss: 1.8126, Valid Top-1 Acc: 51.13%, Valid Top-5 Acc: 80.05%, Time: 354.66s
2025-05-31 01:00:47,658 - INFO - Epoch 13/30, Train Loss: 1.6274, Train Top-1 Acc: 55.47%, Train Top-5 Acc: 84.45%, Valid Loss: 1.7607, Valid Top-1 Acc: 52.66%, Valid Top-5 Acc: 81.91%, Time: 352.19s
2025-05-31 01:06:39,396 - INFO - Epoch 14/30, Train Loss: 1.5490, Train Top-1 Acc: 57.42%, Train Top-5 Acc: 85.68%, Valid Loss: 1.7223, Valid Top-1 Acc: 53.28%, Valid Top-5 Acc: 81.83%, Time: 351.74s
2025-05-31 01:12:23,471 - INFO - Epoch 15/30, Train Loss: 1.4797, Train Top-1 Acc: 59.15%, Train Top-5 Acc: 86.78%, Valid Loss: 1.6977, Valid Top-1 Acc: 53.89%, Valid Top-5 Acc: 82.78%, Time: 344.07s
2025-05-31 01:18:18,777 - INFO - Epoch 16/30, Train Loss: 1.4083, Train Top-1 Acc: 60.79%, Train Top-5 Acc: 87.80%, Valid Loss: 1.6511, Valid Top-1 Acc: 55.09%, Valid Top-5 Acc: 83.07%, Time: 355.31s
2025-05-31 01:24:16,278 - INFO - Epoch 17/30, Train Loss: 1.3501, Train Top-1 Acc: 62.25%, Train Top-5 Acc: 88.76%, Valid Loss: 1.6324, Valid Top-1 Acc: 55.91%, Valid Top-5 Acc: 83.44%, Time: 357.50s
2025-05-31 01:30:13,709 - INFO - Epoch 18/30, Train Loss: 1.2972, Train Top-1 Acc: 63.64%, Train Top-5 Acc: 89.39%, Valid Loss: 1.6372, Valid Top-1 Acc: 55.88%, Valid Top-5 Acc: 83.62%, Time: 357.43s
2025-05-31 01:36:07,758 - INFO - Epoch 19/30, Train Loss: 1.2355, Train Top-1 Acc: 64.94%, Train Top-5 Acc: 90.40%, Valid Loss: 1.6001, Valid Top-1 Acc: 56.72%, Valid Top-5 Acc: 84.55%, Time: 354.05s
2025-05-31 01:42:02,673 - INFO - Epoch 20/30, Train Loss: 1.1746, Train Top-1 Acc: 66.59%, Train Top-5 Acc: 91.14%, Valid Loss: 1.5660, Valid Top-1 Acc: 57.59%, Valid Top-5 Acc: 85.00%, Time: 354.91s
2025-05-31 01:48:01,923 - INFO - Epoch 21/30, Train Loss: 1.1271, Train Top-1 Acc: 67.97%, Train Top-5 Acc: 91.79%, Valid Loss: 1.5754, Valid Top-1 Acc: 57.43%, Valid Top-5 Acc: 84.65%, Time: 359.25s
2025-05-31 01:53:55,471 - INFO - Epoch 22/30, Train Loss: 1.0827, Train Top-1 Acc: 69.10%, Train Top-5 Acc: 92.27%, Valid Loss: 1.5562, Valid Top-1 Acc: 58.34%, Valid Top-5 Acc: 85.00%, Time: 353.55s
2025-05-31 01:59:49,176 - INFO - Epoch 23/30, Train Loss: 1.0269, Train Top-1 Acc: 70.65%, Train Top-5 Acc: 93.19%, Valid Loss: 1.5543, Valid Top-1 Acc: 58.19%, Valid Top-5 Acc: 84.91%, Time: 353.70s
2025-05-31 02:05:44,749 - INFO - Epoch 24/30, Train Loss: 0.9853, Train Top-1 Acc: 71.66%, Train Top-5 Acc: 93.57%, Valid Loss: 1.5362, Valid Top-1 Acc: 58.59%, Valid Top-5 Acc: 85.33%, Time: 355.57s
2025-05-31 02:11:45,274 - INFO - Epoch 25/30, Train Loss: 0.9381, Train Top-1 Acc: 72.82%, Train Top-5 Acc: 94.15%, Valid Loss: 1.5397, Valid Top-1 Acc: 59.59%, Valid Top-5 Acc: 85.03%, Time: 360.53s
2025-05-31 02:17:34,888 - INFO - Epoch 26/30, Train Loss: 0.9040, Train Top-1 Acc: 73.96%, Train Top-5 Acc: 94.44%, Valid Loss: 1.5422, Valid Top-1 Acc: 59.40%, Valid Top-5 Acc: 85.41%, Time: 349.61s
2025-05-31 02:23:25,271 - INFO - Epoch 27/30, Train Loss: 0.8529, Train Top-1 Acc: 75.03%, Train Top-5 Acc: 95.00%, Valid Loss: 1.5345, Valid Top-1 Acc: 59.39%, Valid Top-5 Acc: 85.56%, Time: 350.38s
2025-05-31 02:29:09,523 - INFO - Epoch 28/30, Train Loss: 0.8142, Train Top-1 Acc: 76.40%, Train Top-5 Acc: 95.46%, Valid Loss: 1.5182, Valid Top-1 Acc: 61.24%, Valid Top-5 Acc: 85.97%, Time: 344.25s
2025-05-31 02:34:49,949 - INFO - Epoch 29/30, Train Loss: 0.7822, Train Top-1 Acc: 77.11%, Train Top-5 Acc: 95.61%, Valid Loss: 1.5366, Valid Top-1 Acc: 60.16%, Valid Top-5 Acc: 85.75%, Time: 340.43s
2025-05-31 02:40:32,685 - INFO - Epoch 30/30, Train Loss: 0.7503, Train Top-1 Acc: 78.25%, Train Top-5 Acc: 96.00%, Valid Loss: 1.5697, Valid Top-1 Acc: 59.72%, Valid Top-5 Acc: 85.56%, Time: 342.74s
2025-05-31 02:40:32,685 - INFO - Training Finished
2025-05-31 02:40:41,132 - INFO - Final Test Results:
2025-05-31 02:40:41,132 - INFO - Test Loss: 1.5487
2025-05-31 02:40:41,132 - INFO - Top-1 Accuracy: 60.37%
2025-05-31 02:40:41,132 - INFO - Top-5 Accuracy: 85.75%
2025-05-31 02:40:41,258 - INFO - Model Saved
