2025-06-03 19:51:57,892 - INFO - Model: cnn_resnet18
2025-06-03 19:51:57,892 - INFO - Batch Size: 64
2025-06-03 19:51:57,892 - INFO - Device: cuda
2025-06-03 19:51:59,925 - INFO - Starting training...
2025-06-03 19:52:58,422 - INFO - Epoch 1/15, Train Loss: 3.4611, Train Top-1 Acc: 17.16%, Train Top-5 Acc: 42.81%, Valid Loss: 2.9703, Valid Top-1 Acc: 25.19%, Valid Top-5 Acc: 56.34%, Time: 58.50s
2025-06-03 19:53:56,100 - INFO - Epoch 2/15, Train Loss: 2.4813, Train Top-1 Acc: 35.00%, Train Top-5 Acc: 67.71%, Valid Loss: 2.2587, Valid Top-1 Acc: 40.21%, Valid Top-5 Acc: 72.07%, Time: 57.68s
2025-06-03 19:54:54,247 - INFO - Epoch 3/15, Train Loss: 1.9496, Train Top-1 Acc: 46.43%, Train Top-5 Acc: 78.66%, Valid Loss: 2.0158, Valid Top-1 Acc: 44.63%, Valid Top-5 Acc: 77.05%, Time: 58.15s
2025-06-03 19:55:51,510 - INFO - Epoch 4/15, Train Loss: 1.5809, Train Top-1 Acc: 55.23%, Train Top-5 Acc: 85.10%, Valid Loss: 1.8131, Valid Top-1 Acc: 50.18%, Valid Top-5 Acc: 80.40%, Time: 57.26s
2025-06-03 19:56:48,629 - INFO - Epoch 5/15, Train Loss: 1.2666, Train Top-1 Acc: 63.24%, Train Top-5 Acc: 90.12%, Valid Loss: 1.7618, Valid Top-1 Acc: 52.13%, Valid Top-5 Acc: 81.43%, Time: 57.12s
2025-06-03 19:57:46,483 - INFO - Epoch 6/15, Train Loss: 0.9805, Train Top-1 Acc: 70.70%, Train Top-5 Acc: 93.78%, Valid Loss: 1.6534, Valid Top-1 Acc: 55.56%, Valid Top-5 Acc: 84.14%, Time: 57.85s
2025-06-03 19:58:45,524 - INFO - Epoch 7/15, Train Loss: 0.7020, Train Top-1 Acc: 78.57%, Train Top-5 Acc: 96.84%, Valid Loss: 1.7159, Valid Top-1 Acc: 56.65%, Valid Top-5 Acc: 84.43%, Time: 59.04s
2025-06-03 19:59:42,741 - INFO - Epoch 8/15, Train Loss: 0.4641, Train Top-1 Acc: 85.55%, Train Top-5 Acc: 98.77%, Valid Loss: 1.8416, Valid Top-1 Acc: 55.92%, Valid Top-5 Acc: 83.32%, Time: 57.22s
2025-06-03 20:00:39,882 - INFO - Epoch 9/15, Train Loss: 0.3052, Train Top-1 Acc: 90.36%, Train Top-5 Acc: 99.52%, Valid Loss: 2.0454, Valid Top-1 Acc: 55.99%, Valid Top-5 Acc: 82.88%, Time: 57.14s
2025-06-03 20:01:35,598 - INFO - Epoch 10/15, Train Loss: 0.2110, Train Top-1 Acc: 93.45%, Train Top-5 Acc: 99.80%, Valid Loss: 2.2138, Valid Top-1 Acc: 55.00%, Valid Top-5 Acc: 82.59%, Time: 55.72s
2025-06-03 20:02:32,335 - INFO - Epoch 11/15, Train Loss: 0.1672, Train Top-1 Acc: 94.78%, Train Top-5 Acc: 99.92%, Valid Loss: 2.2862, Valid Top-1 Acc: 55.99%, Valid Top-5 Acc: 83.17%, Time: 56.74s
2025-06-03 20:03:30,966 - INFO - Epoch 12/15, Train Loss: 0.1353, Train Top-1 Acc: 95.71%, Train Top-5 Acc: 99.91%, Valid Loss: 2.3998, Valid Top-1 Acc: 55.93%, Valid Top-5 Acc: 82.68%, Time: 58.63s
2025-06-03 20:04:28,673 - INFO - Epoch 13/15, Train Loss: 0.1177, Train Top-1 Acc: 96.23%, Train Top-5 Acc: 99.92%, Valid Loss: 2.5211, Valid Top-1 Acc: 55.14%, Valid Top-5 Acc: 81.82%, Time: 57.71s
2025-06-03 20:05:26,611 - INFO - Epoch 14/15, Train Loss: 0.1082, Train Top-1 Acc: 96.57%, Train Top-5 Acc: 99.94%, Valid Loss: 2.6722, Valid Top-1 Acc: 54.38%, Valid Top-5 Acc: 82.01%, Time: 57.94s
2025-06-03 20:06:22,898 - INFO - Epoch 15/15, Train Loss: 0.0989, Train Top-1 Acc: 96.86%, Train Top-5 Acc: 99.95%, Valid Loss: 2.7193, Valid Top-1 Acc: 54.33%, Valid Top-5 Acc: 81.59%, Time: 56.29s
2025-06-03 20:06:22,898 - INFO - Training Finished
2025-06-03 20:06:25,879 - INFO - Final Test Results:
2025-06-03 20:06:25,879 - INFO - Test Loss: 2.7193
2025-06-03 20:06:25,879 - INFO - Top-1 Accuracy: 54.33%
2025-06-03 20:06:25,879 - INFO - Top-5 Accuracy: 81.59%
2025-06-03 20:06:26,507 - INFO - Model Saved
