2025-06-03 11:27:17,414 - INFO - Model: cnn_resnet18
2025-06-03 11:27:17,414 - INFO - Batch Size: 64
2025-06-03 11:27:17,414 - INFO - Device: cuda
2025-06-03 11:27:19,598 - INFO - Starting training...
2025-06-03 11:28:13,393 - INFO - Epoch 1/30, Train Loss: 3.4842, Train Top-1 Acc: 16.75%, Train Top-5 Acc: 42.27%, Valid Loss: 2.9767, Valid Top-1 Acc: 26.16%, Valid Top-5 Acc: 57.15%, Time: 53.79s
2025-06-03 11:29:09,471 - INFO - Epoch 2/30, Train Loss: 2.5023, Train Top-1 Acc: 34.62%, Train Top-5 Acc: 67.07%, Valid Loss: 2.2549, Valid Top-1 Acc: 39.73%, Valid Top-5 Acc: 72.47%, Time: 56.08s
2025-06-03 11:29:57,544 - INFO - Epoch 3/30, Train Loss: 1.9705, Train Top-1 Acc: 46.17%, Train Top-5 Acc: 78.19%, Valid Loss: 2.0326, Valid Top-1 Acc: 44.62%, Valid Top-5 Acc: 77.18%, Time: 48.07s
2025-06-03 11:30:42,621 - INFO - Epoch 4/30, Train Loss: 1.5955, Train Top-1 Acc: 54.99%, Train Top-5 Acc: 84.97%, Valid Loss: 1.7544, Valid Top-1 Acc: 50.91%, Valid Top-5 Acc: 82.12%, Time: 45.08s
2025-06-03 11:31:25,270 - INFO - Epoch 5/30, Train Loss: 1.2864, Train Top-1 Acc: 62.66%, Train Top-5 Acc: 89.73%, Valid Loss: 1.6671, Valid Top-1 Acc: 53.58%, Valid Top-5 Acc: 83.64%, Time: 42.65s
2025-06-03 11:32:07,926 - INFO - Epoch 6/30, Train Loss: 0.9969, Train Top-1 Acc: 70.10%, Train Top-5 Acc: 93.60%, Valid Loss: 1.7371, Valid Top-1 Acc: 53.54%, Valid Top-5 Acc: 83.66%, Time: 42.66s
2025-06-03 11:32:50,569 - INFO - Epoch 7/30, Train Loss: 0.7236, Train Top-1 Acc: 77.78%, Train Top-5 Acc: 96.73%, Valid Loss: 1.7769, Valid Top-1 Acc: 55.01%, Valid Top-5 Acc: 83.72%, Time: 42.64s
2025-06-03 11:33:33,216 - INFO - Epoch 8/30, Train Loss: 0.4762, Train Top-1 Acc: 85.30%, Train Top-5 Acc: 98.62%, Valid Loss: 1.8381, Valid Top-1 Acc: 56.45%, Valid Top-5 Acc: 83.84%, Time: 42.65s
2025-06-03 11:34:15,856 - INFO - Epoch 9/30, Train Loss: 0.3140, Train Top-1 Acc: 90.27%, Train Top-5 Acc: 99.50%, Valid Loss: 1.9119, Valid Top-1 Acc: 56.39%, Valid Top-5 Acc: 83.70%, Time: 42.64s
2025-06-03 11:35:04,780 - INFO - Epoch 10/30, Train Loss: 0.2184, Train Top-1 Acc: 93.26%, Train Top-5 Acc: 99.81%, Valid Loss: 2.1426, Valid Top-1 Acc: 54.44%, Valid Top-5 Acc: 82.90%, Time: 48.92s
2025-06-03 11:36:03,899 - INFO - Epoch 11/30, Train Loss: 0.1723, Train Top-1 Acc: 94.59%, Train Top-5 Acc: 99.90%, Valid Loss: 2.3181, Valid Top-1 Acc: 54.32%, Valid Top-5 Acc: 82.69%, Time: 59.12s
2025-06-03 11:36:55,397 - INFO - Epoch 12/30, Train Loss: 0.1396, Train Top-1 Acc: 95.62%, Train Top-5 Acc: 99.92%, Valid Loss: 2.4336, Valid Top-1 Acc: 54.58%, Valid Top-5 Acc: 81.96%, Time: 51.50s
2025-06-03 11:37:37,999 - INFO - Epoch 13/30, Train Loss: 0.1225, Train Top-1 Acc: 96.12%, Train Top-5 Acc: 99.93%, Valid Loss: 2.4876, Valid Top-1 Acc: 54.82%, Valid Top-5 Acc: 81.98%, Time: 42.60s
2025-06-03 11:38:33,920 - INFO - Epoch 14/30, Train Loss: 0.1070, Train Top-1 Acc: 96.57%, Train Top-5 Acc: 99.95%, Valid Loss: 2.6098, Valid Top-1 Acc: 55.18%, Valid Top-5 Acc: 83.10%, Time: 55.92s
2025-06-03 11:39:31,113 - INFO - Epoch 15/30, Train Loss: 0.0985, Train Top-1 Acc: 96.87%, Train Top-5 Acc: 99.94%, Valid Loss: 2.5484, Valid Top-1 Acc: 55.99%, Valid Top-5 Acc: 82.52%, Time: 57.19s
2025-06-03 11:40:27,482 - INFO - Epoch 16/30, Train Loss: 0.0903, Train Top-1 Acc: 97.14%, Train Top-5 Acc: 99.97%, Valid Loss: 2.7337, Valid Top-1 Acc: 54.70%, Valid Top-5 Acc: 81.44%, Time: 56.37s
2025-06-03 11:41:24,628 - INFO - Epoch 17/30, Train Loss: 0.0836, Train Top-1 Acc: 97.24%, Train Top-5 Acc: 99.96%, Valid Loss: 2.7402, Valid Top-1 Acc: 54.48%, Valid Top-5 Acc: 81.64%, Time: 57.15s
2025-06-03 11:42:21,341 - INFO - Epoch 18/30, Train Loss: 0.0769, Train Top-1 Acc: 97.61%, Train Top-5 Acc: 99.97%, Valid Loss: 2.8375, Valid Top-1 Acc: 54.03%, Valid Top-5 Acc: 82.02%, Time: 56.71s
2025-06-03 11:43:18,011 - INFO - Epoch 19/30, Train Loss: 0.0745, Train Top-1 Acc: 97.61%, Train Top-5 Acc: 99.97%, Valid Loss: 2.7573, Valid Top-1 Acc: 54.94%, Valid Top-5 Acc: 82.35%, Time: 56.67s
2025-06-03 11:44:00,766 - INFO - Epoch 20/30, Train Loss: 0.0698, Train Top-1 Acc: 97.76%, Train Top-5 Acc: 99.97%, Valid Loss: 2.7628, Valid Top-1 Acc: 55.27%, Valid Top-5 Acc: 82.07%, Time: 42.76s
2025-06-03 11:44:43,413 - INFO - Epoch 21/30, Train Loss: 0.0690, Train Top-1 Acc: 97.79%, Train Top-5 Acc: 99.96%, Valid Loss: 2.8776, Valid Top-1 Acc: 55.22%, Valid Top-5 Acc: 81.53%, Time: 42.65s
2025-06-03 11:45:44,660 - INFO - Epoch 22/30, Train Loss: 0.0601, Train Top-1 Acc: 98.07%, Train Top-5 Acc: 99.97%, Valid Loss: 2.9449, Valid Top-1 Acc: 55.00%, Valid Top-5 Acc: 81.57%, Time: 61.25s
2025-06-03 11:46:58,587 - INFO - Epoch 23/30, Train Loss: 0.0592, Train Top-1 Acc: 98.09%, Train Top-5 Acc: 99.98%, Valid Loss: 2.8958, Valid Top-1 Acc: 55.59%, Valid Top-5 Acc: 82.38%, Time: 73.93s
2025-06-03 11:48:08,607 - INFO - Epoch 24/30, Train Loss: 0.0540, Train Top-1 Acc: 98.26%, Train Top-5 Acc: 99.98%, Valid Loss: 2.9574, Valid Top-1 Acc: 55.72%, Valid Top-5 Acc: 82.02%, Time: 70.02s
2025-06-03 11:49:21,844 - INFO - Epoch 25/30, Train Loss: 0.0563, Train Top-1 Acc: 98.23%, Train Top-5 Acc: 99.97%, Valid Loss: 2.9274, Valid Top-1 Acc: 55.66%, Valid Top-5 Acc: 82.79%, Time: 73.24s
2025-06-03 11:50:35,919 - INFO - Epoch 26/30, Train Loss: 0.0540, Train Top-1 Acc: 98.28%, Train Top-5 Acc: 99.98%, Valid Loss: 2.9360, Valid Top-1 Acc: 56.35%, Valid Top-5 Acc: 83.36%, Time: 74.07s
2025-06-03 11:51:50,492 - INFO - Epoch 27/30, Train Loss: 0.0511, Train Top-1 Acc: 98.40%, Train Top-5 Acc: 99.99%, Valid Loss: 3.0479, Valid Top-1 Acc: 54.35%, Valid Top-5 Acc: 81.72%, Time: 74.57s
2025-06-03 11:53:03,506 - INFO - Epoch 28/30, Train Loss: 0.0513, Train Top-1 Acc: 98.35%, Train Top-5 Acc: 99.98%, Valid Loss: 3.0449, Valid Top-1 Acc: 55.53%, Valid Top-5 Acc: 82.53%, Time: 73.01s
2025-06-03 11:54:12,471 - INFO - Epoch 29/30, Train Loss: 0.0444, Train Top-1 Acc: 98.58%, Train Top-5 Acc: 99.99%, Valid Loss: 3.1279, Valid Top-1 Acc: 54.48%, Valid Top-5 Acc: 81.85%, Time: 68.96s
2025-06-03 11:55:22,081 - INFO - Epoch 30/30, Train Loss: 0.0442, Train Top-1 Acc: 98.60%, Train Top-5 Acc: 99.99%, Valid Loss: 3.1287, Valid Top-1 Acc: 54.49%, Valid Top-5 Acc: 81.56%, Time: 69.61s
2025-06-03 11:55:22,081 - INFO - Training Finished
2025-06-03 11:55:25,200 - INFO - Final Test Results:
2025-06-03 11:55:25,201 - INFO - Test Loss: 3.1287
2025-06-03 11:55:25,201 - INFO - Top-1 Accuracy: 54.49%
2025-06-03 11:55:25,201 - INFO - Top-5 Accuracy: 81.56%
2025-06-03 11:55:25,290 - INFO - Model Saved
