2025-06-02 18:17:54,572 - INFO - Model: cnn_csp_resnet101
2025-06-02 18:17:54,572 - INFO - Batch Size: 64
2025-06-02 18:17:54,573 - INFO - Device: cuda
2025-06-02 18:17:56,448 - INFO - Starting training...
2025-06-02 18:19:37,057 - INFO - Epoch 1/30, Train Loss: 4.8007, Train Top-1 Acc: 1.51%, Train Top-5 Acc: 7.18%, Valid Loss: 4.8254, Valid Top-1 Acc: 2.25%, Valid Top-5 Acc: 9.23%, Time: 100.61s
2025-06-02 18:21:15,888 - INFO - Epoch 2/30, Train Loss: 4.5487, Train Top-1 Acc: 2.89%, Train Top-5 Acc: 11.77%, Valid Loss: 4.4897, Valid Top-1 Acc: 4.06%, Valid Top-5 Acc: 16.17%, Time: 98.83s
2025-06-02 18:22:52,348 - INFO - Epoch 3/30, Train Loss: 4.2741, Train Top-1 Acc: 5.20%, Train Top-5 Acc: 19.26%, Valid Loss: 4.1920, Valid Top-1 Acc: 6.79%, Valid Top-5 Acc: 23.43%, Time: 96.46s
2025-06-02 18:24:29,764 - INFO - Epoch 4/30, Train Loss: 4.0312, Train Top-1 Acc: 8.39%, Train Top-5 Acc: 26.61%, Valid Loss: 4.1096, Valid Top-1 Acc: 9.02%, Valid Top-5 Acc: 28.89%, Time: 97.42s
2025-06-02 18:26:07,709 - INFO - Epoch 5/30, Train Loss: 3.8149, Train Top-1 Acc: 11.54%, Train Top-5 Acc: 33.09%, Valid Loss: 3.7791, Valid Top-1 Acc: 12.42%, Valid Top-5 Acc: 36.22%, Time: 97.95s
2025-06-02 18:27:44,201 - INFO - Epoch 6/30, Train Loss: 3.6245, Train Top-1 Acc: 14.70%, Train Top-5 Acc: 38.56%, Valid Loss: 3.5881, Valid Top-1 Acc: 16.10%, Valid Top-5 Acc: 41.41%, Time: 96.49s
2025-06-02 18:29:24,029 - INFO - Epoch 7/30, Train Loss: 3.4214, Train Top-1 Acc: 18.10%, Train Top-5 Acc: 44.22%, Valid Loss: 3.4515, Valid Top-1 Acc: 19.43%, Valid Top-5 Acc: 45.18%, Time: 99.83s
2025-06-02 18:31:03,782 - INFO - Epoch 8/30, Train Loss: 3.2256, Train Top-1 Acc: 21.59%, Train Top-5 Acc: 49.34%, Valid Loss: 3.2904, Valid Top-1 Acc: 21.56%, Valid Top-5 Acc: 48.71%, Time: 99.75s
2025-06-02 18:32:43,192 - INFO - Epoch 9/30, Train Loss: 3.0472, Train Top-1 Acc: 24.78%, Train Top-5 Acc: 53.90%, Valid Loss: 3.2159, Valid Top-1 Acc: 22.78%, Valid Top-5 Acc: 51.26%, Time: 99.41s
2025-06-02 18:34:24,224 - INFO - Epoch 10/30, Train Loss: 2.8798, Train Top-1 Acc: 28.01%, Train Top-5 Acc: 57.89%, Valid Loss: 3.1749, Valid Top-1 Acc: 24.61%, Valid Top-5 Acc: 52.47%, Time: 101.03s
2025-06-02 18:36:03,590 - INFO - Epoch 11/30, Train Loss: 2.7136, Train Top-1 Acc: 31.17%, Train Top-5 Acc: 62.11%, Valid Loss: 3.1204, Valid Top-1 Acc: 25.38%, Valid Top-5 Acc: 53.50%, Time: 99.37s
2025-06-02 18:37:44,044 - INFO - Epoch 12/30, Train Loss: 2.5465, Train Top-1 Acc: 34.61%, Train Top-5 Acc: 65.91%, Valid Loss: 3.1558, Valid Top-1 Acc: 26.14%, Valid Top-5 Acc: 54.23%, Time: 100.45s
2025-06-02 18:39:23,771 - INFO - Epoch 13/30, Train Loss: 2.3859, Train Top-1 Acc: 38.08%, Train Top-5 Acc: 69.56%, Valid Loss: 3.0644, Valid Top-1 Acc: 26.50%, Valid Top-5 Acc: 55.21%, Time: 99.73s
2025-06-02 18:41:03,520 - INFO - Epoch 14/30, Train Loss: 2.2161, Train Top-1 Acc: 41.87%, Train Top-5 Acc: 73.29%, Valid Loss: 3.0706, Valid Top-1 Acc: 27.33%, Valid Top-5 Acc: 55.99%, Time: 99.75s
2025-06-02 18:42:43,829 - INFO - Epoch 15/30, Train Loss: 2.0594, Train Top-1 Acc: 45.40%, Train Top-5 Acc: 76.34%, Valid Loss: 3.0787, Valid Top-1 Acc: 27.75%, Valid Top-5 Acc: 56.79%, Time: 100.31s
2025-06-02 18:44:20,496 - INFO - Epoch 16/30, Train Loss: 1.9092, Train Top-1 Acc: 48.99%, Train Top-5 Acc: 79.39%, Valid Loss: 3.1436, Valid Top-1 Acc: 27.64%, Valid Top-5 Acc: 55.81%, Time: 96.67s
2025-06-02 18:45:58,068 - INFO - Epoch 17/30, Train Loss: 1.7672, Train Top-1 Acc: 52.05%, Train Top-5 Acc: 81.87%, Valid Loss: 3.1965, Valid Top-1 Acc: 27.40%, Valid Top-5 Acc: 55.58%, Time: 97.57s
2025-06-02 18:47:38,012 - INFO - Epoch 18/30, Train Loss: 1.6064, Train Top-1 Acc: 55.73%, Train Top-5 Acc: 84.71%, Valid Loss: 3.3553, Valid Top-1 Acc: 26.43%, Valid Top-5 Acc: 54.81%, Time: 99.94s
2025-06-02 18:49:18,127 - INFO - Epoch 19/30, Train Loss: 1.4634, Train Top-1 Acc: 59.31%, Train Top-5 Acc: 87.25%, Valid Loss: 3.3975, Valid Top-1 Acc: 27.04%, Valid Top-5 Acc: 54.92%, Time: 100.12s
2025-06-02 18:50:59,343 - INFO - Epoch 20/30, Train Loss: 1.3358, Train Top-1 Acc: 62.78%, Train Top-5 Acc: 89.24%, Valid Loss: 3.4088, Valid Top-1 Acc: 27.49%, Valid Top-5 Acc: 55.22%, Time: 101.22s
2025-06-02 18:52:40,137 - INFO - Epoch 21/30, Train Loss: 1.2112, Train Top-1 Acc: 65.84%, Train Top-5 Acc: 90.75%, Valid Loss: 3.5536, Valid Top-1 Acc: 26.60%, Valid Top-5 Acc: 54.58%, Time: 100.79s
2025-06-02 18:54:20,567 - INFO - Epoch 22/30, Train Loss: 1.0897, Train Top-1 Acc: 69.11%, Train Top-5 Acc: 92.71%, Valid Loss: 3.6406, Valid Top-1 Acc: 27.02%, Valid Top-5 Acc: 54.88%, Time: 100.43s
2025-06-02 18:56:03,281 - INFO - Epoch 23/30, Train Loss: 0.9819, Train Top-1 Acc: 71.89%, Train Top-5 Acc: 93.90%, Valid Loss: 3.7690, Valid Top-1 Acc: 26.98%, Valid Top-5 Acc: 53.85%, Time: 102.71s
2025-06-02 18:57:45,214 - INFO - Epoch 24/30, Train Loss: 0.8748, Train Top-1 Acc: 74.94%, Train Top-5 Acc: 95.05%, Valid Loss: 3.8942, Valid Top-1 Acc: 27.13%, Valid Top-5 Acc: 54.17%, Time: 101.93s
2025-06-02 18:59:24,408 - INFO - Epoch 25/30, Train Loss: 0.7980, Train Top-1 Acc: 77.03%, Train Top-5 Acc: 95.92%, Valid Loss: 3.9590, Valid Top-1 Acc: 26.49%, Valid Top-5 Acc: 54.27%, Time: 99.19s
2025-06-02 19:01:00,601 - INFO - Epoch 26/30, Train Loss: 0.7171, Train Top-1 Acc: 79.06%, Train Top-5 Acc: 96.58%, Valid Loss: 4.1160, Valid Top-1 Acc: 25.96%, Valid Top-5 Acc: 53.22%, Time: 96.19s
2025-06-02 19:02:37,792 - INFO - Epoch 27/30, Train Loss: 0.6468, Train Top-1 Acc: 81.01%, Train Top-5 Acc: 97.23%, Valid Loss: 4.1427, Valid Top-1 Acc: 27.09%, Valid Top-5 Acc: 54.36%, Time: 97.19s
2025-06-02 19:04:14,167 - INFO - Epoch 28/30, Train Loss: 0.5798, Train Top-1 Acc: 83.06%, Train Top-5 Acc: 97.72%, Valid Loss: 4.2337, Valid Top-1 Acc: 27.33%, Valid Top-5 Acc: 54.47%, Time: 96.37s
2025-06-02 19:05:50,872 - INFO - Epoch 29/30, Train Loss: 0.5312, Train Top-1 Acc: 84.13%, Train Top-5 Acc: 98.04%, Valid Loss: 4.4066, Valid Top-1 Acc: 26.50%, Valid Top-5 Acc: 53.76%, Time: 96.70s
2025-06-02 19:07:29,181 - INFO - Epoch 30/30, Train Loss: 0.4975, Train Top-1 Acc: 85.21%, Train Top-5 Acc: 98.26%, Valid Loss: 4.5181, Valid Top-1 Acc: 26.79%, Valid Top-5 Acc: 53.25%, Time: 98.31s
2025-06-02 19:07:29,181 - INFO - Training Finished
2025-06-02 19:07:32,197 - INFO - Final Test Results:
2025-06-02 19:07:32,197 - INFO - Test Loss: 4.5181
2025-06-02 19:07:32,197 - INFO - Top-1 Accuracy: 26.79%
2025-06-02 19:07:32,197 - INFO - Top-5 Accuracy: 53.25%
2025-06-02 19:07:32,314 - INFO - Model Saved
